[2017-12-25 10:32:27,818]-[log.py]-INFO:输入用户名
[2017-12-25 10:32:27,865]-[log.py]-INFO:输入密码
[2017-12-25 10:32:27,920]-[log.py]-INFO:点击登录
[2017-12-25 11:36:22,604]-[log.py]-INFO:点击关闭邀请框
[2017-12-25 11:36:27,712]-[log.py]-INFO:输入用户名
[2017-12-25 11:36:27,792]-[log.py]-INFO:输入密码
[2017-12-25 11:36:28,737]-[log.py]-INFO:点击登录
[2017-12-25 11:36:33,822]-[log.py]-INFO:登录成功
[2017-12-25 11:45:09,518]-[log.py]-INFO:点击关闭邀请框
[2017-12-25 11:45:14,772]-[log.py]-INFO:输入用户名
[2017-12-25 11:45:14,812]-[log.py]-INFO:输入密码
[2017-12-25 11:45:14,884]-[log.py]-INFO:点击登录
[2017-12-25 11:45:20,740]-[log.py]-INFO:登录成功
[2017-12-25 11:47:03,542]-[log.py]-INFO:点击关闭邀请框
[2017-12-25 11:47:08,708]-[log.py]-INFO:输入用户名
[2017-12-25 11:47:08,759]-[log.py]-INFO:输入密码
[2017-12-25 11:47:08,829]-[log.py]-INFO:点击登录
[2017-12-25 11:47:14,535]-[log.py]-INFO:登录成功
[2017-12-25 11:53:12,906]-[log.py]-INFO:点击关闭邀请框
[2017-12-25 11:53:18,169]-[log.py]-INFO:输入用户名
[2017-12-25 11:53:18,214]-[log.py]-INFO:输入密码
[2017-12-25 11:53:18,303]-[log.py]-INFO:点击登录
[2017-12-25 11:53:24,072]-[log.py]-INFO:登录成功
[2017-12-25 11:53:57,491]-[log.py]-INFO:点击关闭邀请框
[2017-12-25 11:54:02,737]-[log.py]-INFO:输入用户名
[2017-12-25 11:54:02,784]-[log.py]-INFO:输入密码
[2017-12-25 11:54:02,856]-[log.py]-INFO:点击登录
[2017-12-25 11:54:08,667]-[log.py]-INFO:登录成功
[2017-12-25 12:09:14,150]-[log.py]-INFO:点击关闭邀请框
[2017-12-25 12:09:19,315]-[log.py]-INFO:输入用户名
[2017-12-25 12:09:19,360]-[log.py]-INFO:输入密码
[2017-12-25 12:09:19,421]-[log.py]-INFO:点击登录
[2017-12-25 12:09:25,164]-[log.py]-INFO:登录成功
[2017-12-25 12:09:59,306]-[log.py]-INFO:点击关闭邀请框
[2017-12-25 12:10:04,435]-[log.py]-INFO:输入用户名
[2017-12-25 12:10:04,477]-[log.py]-INFO:输入密码
[2017-12-25 12:10:04,538]-[log.py]-INFO:点击登录
[2017-12-25 12:10:10,151]-[log.py]-INFO:登录成功
[2017-12-25 12:11:50,165]-[log.py]-INFO:点击关闭邀请框
[2017-12-25 12:11:55,326]-[log.py]-INFO:输入用户名
[2017-12-25 12:11:55,370]-[log.py]-INFO:输入密码
[2017-12-25 12:11:55,435]-[log.py]-INFO:点击登录
[2017-12-25 12:12:01,355]-[log.py]-INFO:登录成功
[2017-12-25 12:13:22,125]-[log.py]-INFO:点击关闭邀请框
[2017-12-25 12:13:27,292]-[log.py]-INFO:输入用户名
[2017-12-25 12:13:27,332]-[log.py]-INFO:输入密码
[2017-12-25 12:13:27,411]-[log.py]-INFO:点击登录
[2017-12-25 12:13:33,361]-[log.py]-INFO:登录成功
[2017-12-25 12:13:39,974]-[log.py]-INFO:退出系统
[2017-12-25 12:13:43,117]-[log.py]-INFO:输入用户名
[2017-12-25 12:17:48,377]-[log.py]-INFO:点击关闭邀请框
[2017-12-25 12:17:53,535]-[log.py]-INFO:输入用户名
[2017-12-25 12:17:53,596]-[log.py]-INFO:输入密码
[2017-12-25 12:17:53,672]-[log.py]-INFO:点击登录
[2017-12-25 12:17:59,496]-[log.py]-INFO:登录成功
[2017-12-25 12:18:06,201]-[log.py]-INFO:退出系统
[2017-12-25 12:19:15,486]-[log.py]-INFO:点击关闭邀请框
[2017-12-25 12:19:20,877]-[log.py]-INFO:输入用户名
[2017-12-25 12:19:20,927]-[log.py]-INFO:输入密码
[2017-12-25 12:19:21,031]-[log.py]-INFO:点击登录
[2017-12-25 12:19:26,635]-[log.py]-INFO:获取登录失败提示信息
[2017-12-25 12:21:06,934]-[log.py]-INFO:点击关闭邀请框
[2017-12-25 12:21:12,097]-[log.py]-INFO:输入用户名
[2017-12-25 12:21:12,139]-[log.py]-INFO:输入密码
[2017-12-25 12:21:12,216]-[log.py]-INFO:点击登录
[2017-12-25 12:21:18,021]-[log.py]-INFO:登录成功
[2017-12-25 12:21:24,641]-[log.py]-INFO:退出系统
[2017-12-25 12:21:27,686]-[log.py]-INFO:输入用户名
[2017-12-25 12:21:27,727]-[log.py]-INFO:输入密码
[2017-12-25 12:21:27,786]-[log.py]-INFO:点击登录
[2017-12-25 12:21:32,874]-[log.py]-INFO:登录失败
[2017-12-25 12:21:32,886]-[log.py]-INFO:获取当前页面title
[2017-12-25 12:21:35,910]-[log.py]-INFO:输入用户名
[2017-12-25 12:21:35,969]-[log.py]-INFO:输入密码
[2017-12-25 12:21:36,021]-[log.py]-INFO:点击登录
[2017-12-25 12:21:41,062]-[log.py]-INFO:登录失败
[2017-12-25 12:21:41,063]-[log.py]-INFO:获取当前页面title
[2017-12-25 12:21:44,073]-[log.py]-INFO:点击关闭邀请框
[2017-12-25 12:21:49,122]-[log.py]-INFO:输入用户名
[2017-12-25 12:21:49,158]-[log.py]-INFO:输入密码
[2017-12-25 12:21:49,221]-[log.py]-INFO:点击登录
[2017-12-25 12:21:54,301]-[log.py]-INFO:获取登录失败提示信息
[2017-12-25 12:21:54,360]-[log.py]-INFO:错误信息,点击确认
[2017-12-25 12:23:15,081]-[log.py]-INFO:点击关闭邀请框
[2017-12-25 12:23:20,336]-[log.py]-INFO:输入用户名
[2017-12-25 12:23:20,407]-[log.py]-INFO:输入密码
[2017-12-25 12:23:20,483]-[log.py]-INFO:点击登录
[2017-12-25 12:23:26,116]-[log.py]-INFO:登录成功
[2017-12-25 12:23:32,724]-[log.py]-INFO:退出系统
[2017-12-25 12:23:35,772]-[log.py]-INFO:输入用户名
[2017-12-25 12:23:35,839]-[log.py]-INFO:输入密码
[2017-12-25 12:23:35,910]-[log.py]-INFO:点击登录
[2017-12-25 12:23:41,024]-[log.py]-INFO:登录失败
[2017-12-25 12:23:41,025]-[log.py]-INFO:获取当前页面title
[2017-12-25 12:23:44,035]-[log.py]-INFO:输入用户名
[2017-12-25 12:23:44,099]-[log.py]-INFO:输入密码
[2017-12-25 12:23:44,158]-[log.py]-INFO:点击登录
[2017-12-25 12:23:49,197]-[log.py]-INFO:登录失败
[2017-12-25 12:23:49,213]-[log.py]-INFO:获取当前页面title
[2017-12-25 12:23:52,224]-[log.py]-INFO:点击关闭邀请框
[2017-12-25 12:23:57,293]-[log.py]-INFO:输入用户名
[2017-12-25 12:23:57,341]-[log.py]-INFO:输入密码
[2017-12-25 12:23:57,411]-[log.py]-INFO:点击登录
[2017-12-25 12:24:02,495]-[log.py]-INFO:获取登录失败提示信息
[2017-12-25 12:24:02,570]-[log.py]-INFO:错误信息,点击确认
[2017-12-25 12:24:05,605]-[log.py]-INFO:点击关闭邀请框
[2017-12-25 12:24:10,934]-[log.py]-INFO:输入用户名
[2017-12-25 12:24:10,986]-[log.py]-INFO:输入密码
[2017-12-25 12:24:11,050]-[log.py]-INFO:点击登录
[2017-12-25 12:24:16,095]-[log.py]-INFO:获取登录失败提示信息
[2017-12-25 12:24:16,165]-[log.py]-INFO:错误信息,点击确认
[2017-12-25 12:29:15,162]-[log.py]-INFO:点击关闭邀请框
[2017-12-25 12:29:20,287]-[log.py]-INFO:输入用户名
[2017-12-25 12:29:20,329]-[log.py]-INFO:输入密码
[2017-12-25 12:29:20,400]-[log.py]-INFO:点击登录
[2017-12-25 12:29:25,453]-[log.py]-INFO:登录失败
[2017-12-25 12:29:25,467]-[log.py]-INFO:获取当前页面title
[2017-12-25 12:29:28,476]-[log.py]-INFO:点击关闭邀请框
[2017-12-25 12:30:10,623]-[log.py]-INFO:点击关闭邀请框
[2017-12-25 12:30:15,809]-[log.py]-INFO:输入用户名
[2017-12-25 12:30:15,877]-[log.py]-INFO:输入密码
[2017-12-25 12:30:15,962]-[log.py]-INFO:点击登录
[2017-12-25 12:30:21,016]-[log.py]-INFO:登录失败
[2017-12-25 12:30:21,017]-[log.py]-INFO:获取当前页面title
[2017-12-25 12:30:24,031]-[log.py]-INFO:点击关闭邀请框
[2017-12-25 12:31:19,556]-[log.py]-INFO:输入用户名
[2017-12-25 12:31:19,785]-[log.py]-INFO:输入密码
[2017-12-25 12:31:19,961]-[log.py]-INFO:点击登录
[2017-12-25 12:31:25,252]-[log.py]-INFO:登录失败
[2017-12-25 12:31:25,270]-[log.py]-INFO:获取当前页面title
[2017-12-25 12:31:28,281]-[log.py]-INFO:点击关闭邀请框
[2017-12-25 12:31:33,338]-[log.py]-INFO:输入用户名
[2017-12-25 12:31:33,396]-[log.py]-INFO:输入密码
[2017-12-25 12:31:34,014]-[log.py]-INFO:点击登录
[2017-12-25 12:31:39,103]-[log.py]-INFO:登录成功
[2017-12-25 12:31:45,734]-[log.py]-INFO:退出系统
[2017-12-25 13:49:08,166]-[log.py]-INFO:输入用户名
[2017-12-25 13:49:08,419]-[log.py]-INFO:输入密码
[2017-12-25 13:49:08,542]-[log.py]-INFO:点击登录
[2017-12-25 13:49:13,638]-[log.py]-INFO:登录失败
[2017-12-25 13:49:13,717]-[log.py]-INFO:获取当前页面title
[2017-12-25 14:06:07,238]-[log.py]-INFO:点击关闭邀请框
[2017-12-25 14:06:12,541]-[log.py]-INFO:输入用户名
[2017-12-25 14:06:12,702]-[log.py]-INFO:输入密码
[2017-12-25 14:06:12,798]-[log.py]-INFO:点击登录
[2017-12-25 14:06:18,447]-[log.py]-INFO:登录失败
[2017-12-25 14:06:18,589]-[log.py]-INFO:获取当前页面url
[2017-12-25 14:06:21,600]-[log.py]-INFO:点击关闭邀请框
[2017-12-25 14:06:26,663]-[log.py]-INFO:输入用户名
[2017-12-25 14:06:26,729]-[log.py]-INFO:输入密码
[2017-12-25 14:06:26,812]-[log.py]-INFO:点击登录
[2017-12-25 14:06:40,300]-[log.py]-INFO:登录成功
[2017-12-25 14:06:46,941]-[log.py]-INFO:退出系统
[2017-12-25 14:10:15,647]-[log.py]-INFO:点击关闭邀请框
[2017-12-25 14:10:20,856]-[log.py]-INFO:输入用户名
[2017-12-25 14:10:20,890]-[log.py]-INFO:输入密码
[2017-12-25 14:10:20,954]-[log.py]-INFO:点击登录
[2017-12-25 14:10:26,858]-[log.py]-INFO:登录失败
[2017-12-25 14:10:26,861]-[log.py]-INFO:获取当前页面url
[2017-12-25 14:10:29,894]-[log.py]-INFO:点击关闭邀请框
[2017-12-25 14:10:34,965]-[log.py]-INFO:输入用户名
[2017-12-25 14:10:35,010]-[log.py]-INFO:输入密码
[2017-12-25 14:10:35,074]-[log.py]-INFO:点击登录
[2017-12-25 14:10:45,631]-[log.py]-INFO:登录成功
[2017-12-25 14:10:45,662]-[log.py]-INFO:获取当前页面url
[2017-12-25 14:10:52,263]-[log.py]-INFO:退出系统
[2017-12-25 14:12:11,807]-[log.py]-INFO:点击关闭邀请框
[2017-12-25 14:12:16,970]-[log.py]-INFO:输入用户名
[2017-12-25 14:12:17,015]-[log.py]-INFO:输入密码
[2017-12-25 14:12:17,079]-[log.py]-INFO:点击登录
[2017-12-25 14:12:22,785]-[log.py]-INFO:登录失败
[2017-12-25 14:12:22,808]-[log.py]-INFO:获取当前页面url
[2017-12-25 14:12:25,820]-[log.py]-INFO:点击关闭邀请框
[2017-12-25 14:12:30,895]-[log.py]-INFO:输入用户名
[2017-12-25 14:12:30,956]-[log.py]-INFO:输入密码
[2017-12-25 14:12:31,051]-[log.py]-INFO:点击登录
[2017-12-25 14:12:41,563]-[log.py]-INFO:登录成功
[2017-12-25 14:12:41,580]-[log.py]-INFO:获取当前页面url
[2017-12-25 14:12:48,235]-[log.py]-INFO:退出系统
[2017-12-25 14:13:26,424]-[log.py]-INFO:点击关闭邀请框
[2017-12-25 14:13:31,614]-[log.py]-INFO:输入用户名
[2017-12-25 14:13:31,646]-[log.py]-INFO:输入密码
[2017-12-25 14:13:31,715]-[log.py]-INFO:点击登录
[2017-12-25 14:13:37,296]-[log.py]-INFO:登录失败
[2017-12-25 14:13:37,311]-[log.py]-INFO:获取当前页面url
[2017-12-25 14:13:40,348]-[log.py]-INFO:点击关闭邀请框
[2017-12-25 14:13:45,418]-[log.py]-INFO:输入用户名
[2017-12-25 14:13:45,463]-[log.py]-INFO:输入密码
[2017-12-25 14:13:45,532]-[log.py]-INFO:点击登录
[2017-12-25 14:13:56,327]-[log.py]-INFO:登录成功
[2017-12-25 14:13:56,354]-[log.py]-INFO:获取当前页面url
[2017-12-25 14:14:02,979]-[log.py]-INFO:退出系统
[2017-12-25 14:14:06,029]-[log.py]-INFO:点击关闭邀请框
[2017-12-25 14:14:11,102]-[log.py]-INFO:输入用户名
[2017-12-25 14:14:11,151]-[log.py]-INFO:输入密码
[2017-12-25 14:14:11,202]-[log.py]-INFO:点击登录
[2017-12-25 14:14:17,134]-[log.py]-INFO:登录失败
[2017-12-25 14:14:17,140]-[log.py]-INFO:获取当前页面url
[2017-12-25 14:14:20,161]-[log.py]-INFO:点击关闭邀请框
[2017-12-25 14:14:25,226]-[log.py]-INFO:输入用户名
[2017-12-25 14:14:25,278]-[log.py]-INFO:输入密码
[2017-12-25 14:14:25,340]-[log.py]-INFO:点击登录
[2017-12-25 14:14:35,770]-[log.py]-INFO:获取登录失败提示信息
[2017-12-25 14:16:01,776]-[log.py]-INFO:点击关闭邀请框
[2017-12-25 14:16:07,040]-[log.py]-INFO:输入用户名
[2017-12-25 14:16:07,076]-[log.py]-INFO:输入密码
[2017-12-25 14:16:07,307]-[log.py]-INFO:点击登录
[2017-12-25 14:16:12,972]-[log.py]-INFO:登录失败
[2017-12-25 14:16:12,992]-[log.py]-INFO:获取当前页面url
[2017-12-25 14:16:16,014]-[log.py]-INFO:点击关闭邀请框
[2017-12-25 14:16:21,165]-[log.py]-INFO:输入用户名
[2017-12-25 14:16:21,220]-[log.py]-INFO:输入密码
[2017-12-25 14:16:21,316]-[log.py]-INFO:点击登录
[2017-12-25 14:16:34,062]-[log.py]-INFO:登录成功
[2017-12-25 14:16:34,082]-[log.py]-INFO:获取当前页面url
[2017-12-25 14:16:40,735]-[log.py]-INFO:退出系统
[2017-12-25 14:16:43,785]-[log.py]-INFO:点击关闭邀请框
[2017-12-25 14:16:48,839]-[log.py]-INFO:输入用户名
[2017-12-25 14:16:48,888]-[log.py]-INFO:输入密码
[2017-12-25 14:16:48,946]-[log.py]-INFO:点击登录
[2017-12-25 14:16:55,030]-[log.py]-INFO:登录失败
[2017-12-25 14:16:55,033]-[log.py]-INFO:获取当前页面url
[2017-12-25 14:16:58,049]-[log.py]-INFO:点击关闭邀请框
[2017-12-25 14:17:03,115]-[log.py]-INFO:输入用户名
[2017-12-25 14:17:03,155]-[log.py]-INFO:输入密码
[2017-12-25 14:17:03,231]-[log.py]-INFO:点击登录
[2017-12-25 14:17:08,405]-[log.py]-INFO:获取登录失败提示信息
[2017-12-25 14:17:08,477]-[log.py]-INFO:错误信息,点击确认
[2017-12-25 14:17:11,521]-[log.py]-INFO:点击关闭邀请框
[2017-12-25 14:17:16,547]-[log.py]-INFO:输入用户名
[2017-12-25 14:17:16,608]-[log.py]-INFO:输入密码
[2017-12-25 14:17:16,672]-[log.py]-INFO:点击登录
[2017-12-25 14:17:21,822]-[log.py]-INFO:获取登录失败提示信息
[2017-12-25 14:17:21,866]-[log.py]-INFO:错误信息,点击确认
[2017-12-25 14:19:06,213]-[log.py]-INFO:点击关闭邀请框
[2017-12-25 14:19:11,472]-[log.py]-INFO:输入用户名
[2017-12-25 14:19:11,525]-[log.py]-INFO:输入密码
[2017-12-25 14:19:11,593]-[log.py]-INFO:点击登录
[2017-12-25 14:19:14,653]-[log.py]-INFO:刷新当前页面
[2017-12-25 14:19:15,734]-[log.py]-INFO:登录失败
[2017-12-25 14:19:15,736]-[log.py]-INFO:获取当前页面url
[2017-12-25 14:19:18,751]-[log.py]-INFO:点击关闭邀请框
[2017-12-25 14:19:23,832]-[log.py]-INFO:输入用户名
[2017-12-25 14:19:23,870]-[log.py]-INFO:输入密码
[2017-12-25 14:19:23,930]-[log.py]-INFO:点击登录
[2017-12-25 14:19:27,570]-[log.py]-INFO:刷新当前页面
[2017-12-25 14:19:27,646]-[log.py]-INFO:登录成功
[2017-12-25 14:19:27,648]-[log.py]-INFO:获取当前页面url
[2017-12-25 14:22:30,597]-[log.py]-INFO:点击关闭邀请框
[2017-12-25 14:22:35,837]-[log.py]-INFO:输入用户名
[2017-12-25 14:22:35,888]-[log.py]-INFO:输入密码
[2017-12-25 14:22:35,961]-[log.py]-INFO:点击登录
[2017-12-25 14:22:39,016]-[log.py]-INFO:刷新当前页面
[2017-12-25 14:22:39,640]-[log.py]-INFO:登录失败
[2017-12-25 14:22:39,647]-[log.py]-INFO:获取当前页面url
[2017-12-25 14:22:42,674]-[log.py]-INFO:点击关闭邀请框
[2017-12-25 14:22:47,752]-[log.py]-INFO:输入用户名
[2017-12-25 14:22:47,808]-[log.py]-INFO:输入密码
[2017-12-25 14:22:47,902]-[log.py]-INFO:点击登录
[2017-12-25 14:22:51,530]-[log.py]-INFO:刷新当前页面
[2017-12-25 14:22:51,637]-[log.py]-INFO:登录成功
[2017-12-25 14:22:51,640]-[log.py]-INFO:获取当前页面url
[2017-12-25 14:24:28,512]-[log.py]-INFO:点击关闭邀请框
[2017-12-25 14:24:33,660]-[log.py]-INFO:输入用户名
[2017-12-25 14:24:33,707]-[log.py]-INFO:输入密码
[2017-12-25 14:24:33,777]-[log.py]-INFO:点击登录
[2017-12-25 14:24:36,835]-[log.py]-INFO:刷新当前页面
[2017-12-25 14:24:37,553]-[log.py]-INFO:登录失败
[2017-12-25 14:24:37,557]-[log.py]-INFO:获取当前页面url
[2017-12-25 14:24:40,579]-[log.py]-INFO:点击关闭邀请框
[2017-12-25 14:24:45,650]-[log.py]-INFO:输入用户名
[2017-12-25 14:24:45,709]-[log.py]-INFO:输入密码
[2017-12-25 14:24:45,766]-[log.py]-INFO:点击登录
[2017-12-25 14:24:49,458]-[log.py]-INFO:刷新当前页面
[2017-12-25 14:24:49,564]-[log.py]-INFO:登录成功
[2017-12-25 14:24:49,565]-[log.py]-INFO:获取当前页面url
[2017-12-25 14:26:14,145]-[log.py]-INFO:点击关闭邀请框
[2017-12-25 14:26:19,383]-[log.py]-INFO:输入用户名
[2017-12-25 14:26:19,471]-[log.py]-INFO:输入密码
[2017-12-25 14:26:19,609]-[log.py]-INFO:点击登录
[2017-12-25 14:26:22,738]-[log.py]-INFO:刷新当前页面
[2017-12-25 14:26:23,608]-[log.py]-INFO:登录失败
[2017-12-25 14:26:23,609]-[log.py]-INFO:获取当前页面url
[2017-12-25 14:26:26,621]-[log.py]-INFO:点击关闭邀请框
[2017-12-25 14:26:31,771]-[log.py]-INFO:输入用户名
[2017-12-25 14:26:31,898]-[log.py]-INFO:输入密码
[2017-12-25 14:26:32,024]-[log.py]-INFO:点击登录
[2017-12-25 14:26:35,609]-[log.py]-INFO:刷新当前页面
[2017-12-25 14:26:35,738]-[log.py]-INFO:登录成功
[2017-12-25 14:26:35,741]-[log.py]-INFO:获取当前页面url
[2017-12-25 14:28:49,621]-[log.py]-INFO:点击关闭邀请框
[2017-12-25 14:28:54,794]-[log.py]-INFO:输入用户名
[2017-12-25 14:28:54,869]-[log.py]-INFO:输入密码
[2017-12-25 14:28:55,007]-[log.py]-INFO:点击登录
[2017-12-25 14:28:58,101]-[log.py]-INFO:刷新当前页面
[2017-12-25 14:28:58,883]-[log.py]-INFO:登录失败
[2017-12-25 14:28:58,884]-[log.py]-INFO:获取当前页面url
[2017-12-25 14:30:20,047]-[log.py]-INFO:点击关闭邀请框
[2017-12-25 14:30:25,222]-[log.py]-INFO:输入用户名
[2017-12-25 14:30:25,299]-[log.py]-INFO:输入密码
[2017-12-25 14:30:25,483]-[log.py]-INFO:点击登录
[2017-12-25 14:30:28,587]-[log.py]-INFO:刷新当前页面
[2017-12-25 14:30:29,127]-[log.py]-INFO:登录失败
[2017-12-25 14:30:29,147]-[log.py]-INFO:获取当前页面url
[2017-12-25 14:31:15,243]-[log.py]-INFO:点击关闭邀请框
[2017-12-25 14:31:20,427]-[log.py]-INFO:输入用户名
[2017-12-25 14:31:20,502]-[log.py]-INFO:输入密码
[2017-12-25 14:31:20,637]-[log.py]-INFO:点击登录
[2017-12-25 14:31:23,732]-[log.py]-INFO:刷新当前页面
[2017-12-25 14:31:24,244]-[log.py]-INFO:登录失败
[2017-12-25 14:31:24,248]-[log.py]-INFO:获取当前页面url
[2017-12-25 14:38:27,939]-[log.py]-INFO:点击关闭邀请框
[2017-12-25 14:38:33,098]-[log.py]-INFO:输入用户名
[2017-12-25 14:38:33,197]-[log.py]-INFO:输入密码
[2017-12-25 14:38:33,320]-[log.py]-INFO:点击登录
[2017-12-25 14:38:36,425]-[log.py]-INFO:刷新当前页面
[2017-12-25 14:38:36,945]-[log.py]-INFO:登录失败
[2017-12-25 14:38:36,948]-[log.py]-INFO:获取当前页面url
