[2017-12-18 11:43:05,081]-[log.py]-INFO:获取网址
[2017-12-18 11:43:09,379]-[log.py]-INFO:关闭提示框
[2017-12-18 11:43:44,606]-[log.py]-INFO:获取网址
[2017-12-18 11:43:46,026]-[log.py]-INFO:关闭提示框
[2017-12-18 11:43:46,028]-[log.py]-INFO:输入用户名
[2017-12-18 11:43:46,261]-[log.py]-INFO:输入密码
[2017-12-18 11:43:46,367]-[log.py]-INFO:点击登录
[2017-12-18 11:44:46,175]-[log.py]-INFO:获取网址
[2017-12-18 11:44:47,984]-[log.py]-INFO:关闭提示框
[2017-12-18 11:44:48,008]-[log.py]-INFO:输入用户名
[2017-12-18 11:44:48,066]-[log.py]-INFO:输入密码
[2017-12-18 11:44:48,107]-[log.py]-INFO:点击登录
[2017-12-18 11:45:21,002]-[log.py]-INFO:获取网址
[2017-12-18 11:45:22,575]-[log.py]-INFO:关闭提示框
[2017-12-18 11:45:22,577]-[log.py]-INFO:输入用户名
[2017-12-18 11:45:22,646]-[log.py]-INFO:输入密码
[2017-12-18 11:45:23,688]-[log.py]-INFO:点击登录
[2017-12-18 11:46:30,025]-[log.py]-INFO:获取网址
[2017-12-18 11:46:32,071]-[log.py]-INFO:关闭提示框
[2017-12-18 11:46:32,072]-[log.py]-INFO:输入用户名
[2017-12-18 11:46:32,144]-[log.py]-INFO:输入密码
[2017-12-18 11:46:33,183]-[log.py]-INFO:点击登录
[2017-12-18 11:51:18,576]-[log.py]-INFO:获取网址
[2017-12-18 11:51:20,146]-[log.py]-INFO:关闭提示框
[2017-12-18 12:25:10,742]-[log.py]-INFO:获取网址
[2017-12-18 12:25:12,528]-[log.py]-INFO:关闭提示框
[2017-12-18 12:25:12,879]-[log.py]-INFO:输入用户名
[2017-12-18 12:25:12,926]-[log.py]-INFO:输入密码
[2017-12-18 12:25:12,955]-[log.py]-INFO:点击登录
[2017-12-18 12:25:12,990]-[log.py]-INFO:获取网址
[2017-12-18 12:25:14,530]-[log.py]-INFO:稍后咨询
[2017-12-18 15:09:31,345]-[log.py]-INFO:获取网址
[2017-12-18 15:09:34,931]-[log.py]-INFO:关闭提示框
[2017-12-18 15:09:35,039]-[log.py]-INFO:输入用户名
[2017-12-18 15:09:35,066]-[log.py]-INFO:输入密码
[2017-12-18 15:09:35,088]-[log.py]-INFO:点击登录
[2017-12-18 15:09:35,123]-[log.py]-INFO:获取网址
[2017-12-18 15:09:36,313]-[log.py]-INFO:稍后咨询
[2017-12-18 15:34:23,006]-[log.py]-INFO:获取网址
[2017-12-18 15:34:24,711]-[log.py]-INFO:关闭提示框
[2017-12-18 15:34:24,789]-[log.py]-INFO:输入用户名
[2017-12-18 15:34:24,821]-[log.py]-INFO:输入密码
[2017-12-18 15:34:24,847]-[log.py]-INFO:点击登录
[2017-12-18 15:34:24,889]-[log.py]-INFO:获取网址
[2017-12-18 15:34:26,244]-[log.py]-INFO:稍后咨询
[2017-12-18 15:34:58,763]-[log.py]-INFO:获取网址
[2017-12-18 15:35:00,246]-[log.py]-INFO:关闭提示框
[2017-12-18 15:35:00,322]-[log.py]-INFO:输入用户名
[2017-12-18 15:35:00,349]-[log.py]-INFO:输入密码
[2017-12-18 15:35:00,369]-[log.py]-INFO:点击登录
[2017-12-18 15:35:00,410]-[log.py]-INFO:获取网址
[2017-12-18 15:35:01,607]-[log.py]-INFO:稍后咨询
[2017-12-18 15:38:25,315]-[log.py]-INFO:关闭提示框
[2017-12-18 15:38:25,410]-[log.py]-INFO:输入用户名
[2017-12-18 15:38:25,444]-[log.py]-INFO:输入密码
[2017-12-18 15:38:25,465]-[log.py]-INFO:点击登录
[2017-12-18 15:38:25,501]-[log.py]-INFO:稍后咨询
[2017-12-18 15:41:45,534]-[log.py]-INFO:关闭提示框
[2017-12-18 15:41:45,645]-[log.py]-INFO:输入用户名
[2017-12-18 15:41:45,677]-[log.py]-INFO:输入密码
[2017-12-18 15:41:45,699]-[log.py]-INFO:点击登录
[2017-12-18 15:41:45,738]-[log.py]-INFO:关闭提示框
[2017-12-18 15:43:05,893]-[log.py]-INFO:输入用户名
[2017-12-18 15:43:05,971]-[log.py]-INFO:输入密码
[2017-12-18 15:43:05,997]-[log.py]-INFO:点击登录
[2017-12-18 15:43:06,037]-[log.py]-INFO:输入用户名
[2017-12-18 15:43:06,056]-[log.py]-INFO:输入密码
[2017-12-18 15:43:06,092]-[log.py]-INFO:点击登录
[2017-12-18 15:43:06,124]-[log.py]-INFO:输入用户名
[2017-12-18 15:43:06,156]-[log.py]-INFO:输入密码
[2017-12-18 15:43:06,185]-[log.py]-INFO:点击登录
[2017-12-18 15:43:07,520]-[log.py]-INFO:输入用户名
[2017-12-18 15:43:07,574]-[log.py]-INFO:输入密码
[2017-12-18 15:43:07,604]-[log.py]-INFO:点击登录
[2017-12-18 15:43:07,624]-[log.py]-INFO:输入用户名
[2017-12-18 15:43:07,648]-[log.py]-INFO:输入密码
[2017-12-18 15:43:07,676]-[log.py]-INFO:点击登录
[2017-12-18 16:00:40,729]-[log.py]-INFO:输入用户名
[2017-12-18 16:00:40,799]-[log.py]-INFO:输入密码
[2017-12-18 16:00:40,829]-[log.py]-INFO:点击登录
[2017-12-18 16:01:56,049]-[log.py]-INFO:输入用户名
[2017-12-18 16:01:56,123]-[log.py]-INFO:输入密码
[2017-12-18 16:01:56,163]-[log.py]-INFO:点击登录
[2017-12-18 16:02:48,248]-[log.py]-INFO:输入用户名
[2017-12-18 16:02:48,310]-[log.py]-INFO:输入密码
[2017-12-18 16:02:48,335]-[log.py]-INFO:点击登录
[2017-12-18 16:02:48,380]-[log.py]-INFO:输入用户名
[2017-12-18 16:02:48,438]-[log.py]-INFO:输入密码
[2017-12-18 16:02:48,628]-[log.py]-INFO:点击登录
[2017-12-18 16:02:48,687]-[log.py]-INFO:输入用户名
[2017-12-18 16:02:48,728]-[log.py]-INFO:输入密码
[2017-12-18 16:02:48,755]-[log.py]-INFO:点击登录
[2017-12-18 16:02:50,738]-[log.py]-INFO:输入用户名
[2017-12-18 16:02:50,817]-[log.py]-INFO:输入密码
[2017-12-18 16:02:50,851]-[log.py]-INFO:点击登录
[2017-12-18 16:02:50,889]-[log.py]-INFO:输入用户名
[2017-12-18 16:02:50,920]-[log.py]-INFO:输入密码
[2017-12-18 16:02:50,955]-[log.py]-INFO:点击登录
[2017-12-18 16:13:38,995]-[log.py]-INFO:输入用户名
[2017-12-18 16:13:39,101]-[log.py]-INFO:输入密码
[2017-12-18 16:13:39,241]-[log.py]-INFO:点击登录
[2017-12-18 16:13:39,304]-[log.py]-INFO:输入用户名
[2017-12-18 16:13:39,346]-[log.py]-INFO:输入密码
[2017-12-18 16:13:39,394]-[log.py]-INFO:点击登录
[2017-12-18 16:13:39,429]-[log.py]-INFO:输入用户名
[2017-12-18 16:13:39,462]-[log.py]-INFO:输入密码
[2017-12-18 16:13:39,480]-[log.py]-INFO:点击登录
[2017-12-18 16:13:40,567]-[log.py]-INFO:输入用户名
[2017-12-18 16:13:40,616]-[log.py]-INFO:输入密码
[2017-12-18 16:13:40,650]-[log.py]-INFO:点击登录
[2017-12-18 16:16:17,295]-[log.py]-INFO:输入用户名
[2017-12-18 16:16:17,385]-[log.py]-INFO:输入密码
[2017-12-18 16:16:17,413]-[log.py]-INFO:点击登录
[2017-12-18 16:16:18,474]-[log.py]-INFO:输入用户名
[2017-12-18 16:16:18,506]-[log.py]-INFO:输入密码
[2017-12-18 16:16:18,533]-[log.py]-INFO:点击登录
[2017-12-18 16:16:19,573]-[log.py]-INFO:输入用户名
[2017-12-18 16:16:19,681]-[log.py]-INFO:输入密码
[2017-12-18 16:16:19,701]-[log.py]-INFO:点击登录
[2017-12-18 16:16:21,648]-[log.py]-INFO:输入用户名
[2017-12-18 16:16:21,702]-[log.py]-INFO:输入密码
[2017-12-18 16:16:21,843]-[log.py]-INFO:点击登录
[2017-12-18 16:17:24,010]-[log.py]-INFO:输入用户名
[2017-12-18 16:17:24,136]-[log.py]-INFO:输入密码
[2017-12-18 16:17:24,203]-[log.py]-INFO:点击登录
[2017-12-18 16:17:25,277]-[log.py]-INFO:输入用户名
[2017-12-18 16:17:25,323]-[log.py]-INFO:输入密码
[2017-12-18 16:17:25,360]-[log.py]-INFO:点击登录
[2017-12-18 16:17:26,401]-[log.py]-INFO:输入用户名
[2017-12-18 16:17:26,442]-[log.py]-INFO:输入密码
[2017-12-18 16:17:26,462]-[log.py]-INFO:点击登录
[2017-12-18 16:17:28,250]-[log.py]-INFO:输入用户名
[2017-12-18 16:17:28,288]-[log.py]-INFO:输入密码
[2017-12-18 16:17:28,323]-[log.py]-INFO:点击登录
[2017-12-18 16:19:33,404]-[log.py]-INFO:输入用户名
[2017-12-18 16:19:33,479]-[log.py]-INFO:输入密码
[2017-12-18 16:19:33,511]-[log.py]-INFO:点击登录
[2017-12-18 16:19:34,563]-[log.py]-INFO:输入用户名
[2017-12-18 16:19:34,603]-[log.py]-INFO:输入密码
[2017-12-18 16:19:34,641]-[log.py]-INFO:点击登录
[2017-12-18 16:19:35,683]-[log.py]-INFO:输入用户名
[2017-12-18 16:19:35,727]-[log.py]-INFO:输入密码
[2017-12-18 16:19:35,753]-[log.py]-INFO:点击登录
[2017-12-18 16:19:38,065]-[log.py]-INFO:输入用户名
[2017-12-18 16:19:38,134]-[log.py]-INFO:输入密码
[2017-12-18 16:19:38,186]-[log.py]-INFO:点击登录
[2017-12-18 16:19:39,228]-[log.py]-INFO:输入用户名
[2017-12-18 16:19:39,258]-[log.py]-INFO:输入密码
[2017-12-18 16:19:39,306]-[log.py]-INFO:点击登录
[2017-12-18 16:22:34,756]-[log.py]-INFO:输入用户名
[2017-12-18 16:22:34,812]-[log.py]-INFO:输入密码
[2017-12-18 16:22:34,836]-[log.py]-INFO:点击登录
[2017-12-18 16:22:35,877]-[log.py]-INFO:输入用户名
[2017-12-18 16:22:35,927]-[log.py]-INFO:输入密码
[2017-12-18 16:22:35,968]-[log.py]-INFO:点击登录
[2017-12-18 16:22:36,996]-[log.py]-INFO:输入用户名
[2017-12-18 16:22:37,022]-[log.py]-INFO:输入密码
[2017-12-18 16:22:37,045]-[log.py]-INFO:点击登录
[2017-12-18 16:22:38,777]-[log.py]-INFO:输入用户名
[2017-12-18 16:22:38,810]-[log.py]-INFO:输入密码
[2017-12-18 16:22:38,844]-[log.py]-INFO:点击登录
[2017-12-18 16:22:39,883]-[log.py]-INFO:输入用户名
[2017-12-18 16:22:39,959]-[log.py]-INFO:输入密码
[2017-12-18 16:22:39,994]-[log.py]-INFO:点击登录
[2017-12-18 16:23:21,832]-[log.py]-INFO:输入用户名
[2017-12-18 16:23:21,873]-[log.py]-INFO:输入密码
[2017-12-18 16:23:21,904]-[log.py]-INFO:点击登录
[2017-12-18 16:24:43,646]-[log.py]-INFO:输入用户名
[2017-12-18 16:24:43,713]-[log.py]-INFO:输入密码
[2017-12-18 16:24:43,738]-[log.py]-INFO:点击登录
[2017-12-18 16:24:44,854]-[log.py]-INFO:输入用户名
[2017-12-18 16:24:44,883]-[log.py]-INFO:输入密码
[2017-12-18 16:24:44,929]-[log.py]-INFO:点击登录
[2017-12-18 16:25:35,912]-[log.py]-INFO:输入用户名
[2017-12-18 16:25:35,985]-[log.py]-INFO:输入密码
[2017-12-18 16:25:36,018]-[log.py]-INFO:点击登录
[2017-12-18 16:28:53,964]-[log.py]-INFO:输入用户名
[2017-12-18 16:28:54,016]-[log.py]-INFO:输入密码
[2017-12-18 16:28:54,037]-[log.py]-INFO:点击登录
[2017-12-18 16:29:37,953]-[log.py]-INFO:输入用户名
[2017-12-18 16:29:37,988]-[log.py]-INFO:输入密码
[2017-12-18 16:29:38,010]-[log.py]-INFO:点击登录
[2017-12-18 16:30:14,175]-[log.py]-INFO:输入用户名
[2017-12-18 16:30:14,251]-[log.py]-INFO:输入密码
[2017-12-18 16:30:14,276]-[log.py]-INFO:点击登录
[2017-12-18 16:30:15,325]-[log.py]-INFO:输入用户名
[2017-12-18 16:30:15,362]-[log.py]-INFO:输入密码
[2017-12-18 16:30:15,399]-[log.py]-INFO:点击登录
[2017-12-18 16:30:16,444]-[log.py]-INFO:输入用户名
[2017-12-18 16:30:16,507]-[log.py]-INFO:输入密码
[2017-12-18 16:30:16,531]-[log.py]-INFO:点击登录
[2017-12-18 16:30:18,304]-[log.py]-INFO:输入用户名
[2017-12-18 16:30:18,351]-[log.py]-INFO:输入密码
[2017-12-18 16:30:18,391]-[log.py]-INFO:点击登录
[2017-12-18 16:30:19,424]-[log.py]-INFO:输入用户名
[2017-12-18 16:30:19,495]-[log.py]-INFO:输入密码
[2017-12-18 16:30:19,541]-[log.py]-INFO:点击登录
[2017-12-18 16:31:43,275]-[log.py]-INFO:输入用户名
[2017-12-18 16:31:43,383]-[log.py]-INFO:输入密码
[2017-12-18 16:31:43,442]-[log.py]-INFO:点击登录
[2017-12-18 16:31:44,522]-[log.py]-INFO:输入用户名
[2017-12-18 16:31:44,563]-[log.py]-INFO:输入密码
[2017-12-18 16:31:44,599]-[log.py]-INFO:点击登录
[2017-12-18 16:31:45,639]-[log.py]-INFO:输入用户名
[2017-12-18 16:31:45,678]-[log.py]-INFO:输入密码
[2017-12-18 16:31:45,702]-[log.py]-INFO:点击登录
[2017-12-18 16:31:47,545]-[log.py]-INFO:输入用户名
[2017-12-18 16:31:47,582]-[log.py]-INFO:输入密码
[2017-12-18 16:31:47,624]-[log.py]-INFO:点击登录
[2017-12-18 16:31:48,662]-[log.py]-INFO:输入用户名
[2017-12-18 16:31:48,702]-[log.py]-INFO:输入密码
[2017-12-18 16:31:48,748]-[log.py]-INFO:点击登录
[2017-12-18 16:32:44,674]-[log.py]-INFO:输入用户名
[2017-12-18 16:32:44,760]-[log.py]-INFO:输入密码
[2017-12-18 16:32:44,789]-[log.py]-INFO:点击登录
[2017-12-18 16:32:45,834]-[log.py]-INFO:输入用户名
[2017-12-18 16:32:45,884]-[log.py]-INFO:输入密码
[2017-12-18 16:32:45,921]-[log.py]-INFO:点击登录
[2017-12-18 16:32:46,956]-[log.py]-INFO:输入用户名
[2017-12-18 16:32:46,997]-[log.py]-INFO:输入密码
[2017-12-18 16:32:47,017]-[log.py]-INFO:点击登录
[2017-12-18 16:32:48,675]-[log.py]-INFO:输入用户名
[2017-12-18 16:32:48,706]-[log.py]-INFO:输入密码
[2017-12-18 16:32:48,754]-[log.py]-INFO:点击登录
[2017-12-18 16:35:03,804]-[log.py]-INFO:输入用户名
[2017-12-18 16:35:03,892]-[log.py]-INFO:输入密码
[2017-12-18 16:35:03,994]-[log.py]-INFO:点击登录
[2017-12-18 16:35:05,092]-[log.py]-INFO:输入用户名
[2017-12-18 16:35:05,133]-[log.py]-INFO:输入密码
[2017-12-18 16:35:05,166]-[log.py]-INFO:点击登录
[2017-12-18 16:35:06,208]-[log.py]-INFO:输入用户名
[2017-12-18 16:35:06,247]-[log.py]-INFO:输入密码
[2017-12-18 16:35:06,275]-[log.py]-INFO:点击登录
[2017-12-18 16:35:08,037]-[log.py]-INFO:输入用户名
[2017-12-18 16:35:08,066]-[log.py]-INFO:输入密码
[2017-12-18 16:35:08,112]-[log.py]-INFO:点击登录
[2017-12-18 16:36:40,066]-[log.py]-INFO:输入用户名
[2017-12-18 16:36:40,126]-[log.py]-INFO:输入密码
[2017-12-18 16:36:40,151]-[log.py]-INFO:点击登录
[2017-12-18 16:36:41,211]-[log.py]-INFO:输入用户名
[2017-12-18 16:36:41,243]-[log.py]-INFO:输入密码
[2017-12-18 16:36:41,277]-[log.py]-INFO:点击登录
[2017-12-18 16:36:42,308]-[log.py]-INFO:输入用户名
[2017-12-18 16:36:42,336]-[log.py]-INFO:输入密码
[2017-12-18 16:36:42,356]-[log.py]-INFO:点击登录
[2017-12-18 16:36:44,122]-[log.py]-INFO:输入用户名
[2017-12-18 16:36:44,152]-[log.py]-INFO:输入密码
[2017-12-18 16:36:44,219]-[log.py]-INFO:点击登录
[2017-12-18 16:42:51,159]-[log.py]-INFO:输入用户名
[2017-12-18 16:42:51,209]-[log.py]-INFO:输入密码
[2017-12-18 16:42:51,303]-[log.py]-INFO:点击登录
[2017-12-18 16:42:52,342]-[log.py]-INFO:输入用户名
[2017-12-18 16:42:52,393]-[log.py]-INFO:输入密码
[2017-12-18 16:42:52,439]-[log.py]-INFO:点击登录
[2017-12-18 16:42:53,467]-[log.py]-INFO:输入用户名
[2017-12-18 16:42:53,504]-[log.py]-INFO:输入密码
[2017-12-18 16:42:53,531]-[log.py]-INFO:点击登录
[2017-12-18 16:42:55,217]-[log.py]-INFO:输入用户名
[2017-12-18 16:42:55,254]-[log.py]-INFO:输入密码
[2017-12-18 16:42:55,295]-[log.py]-INFO:点击登录
[2017-12-18 16:46:07,799]-[log.py]-INFO:输入用户名
[2017-12-18 16:46:07,891]-[log.py]-INFO:输入密码
[2017-12-18 16:46:07,920]-[log.py]-INFO:点击登录
[2017-12-18 16:46:08,965]-[log.py]-INFO:输入用户名
[2017-12-18 16:46:09,024]-[log.py]-INFO:输入密码
[2017-12-18 16:46:09,063]-[log.py]-INFO:点击登录
[2017-12-18 16:46:10,100]-[log.py]-INFO:输入用户名
[2017-12-18 16:46:10,127]-[log.py]-INFO:输入密码
[2017-12-18 16:46:10,148]-[log.py]-INFO:点击登录
[2017-12-18 16:46:11,704]-[log.py]-INFO:输入用户名
[2017-12-18 16:46:11,741]-[log.py]-INFO:输入密码
[2017-12-18 16:46:11,793]-[log.py]-INFO:点击登录
[2017-12-18 16:48:04,573]-[log.py]-INFO:输入用户名
[2017-12-18 16:48:04,732]-[log.py]-INFO:输入密码
[2017-12-18 16:48:04,764]-[log.py]-INFO:点击登录
[2017-12-18 16:48:05,816]-[log.py]-INFO:输入用户名
[2017-12-18 16:48:05,859]-[log.py]-INFO:输入密码
[2017-12-18 16:48:05,914]-[log.py]-INFO:点击登录
[2017-12-18 16:48:06,952]-[log.py]-INFO:输入用户名
[2017-12-18 16:48:06,999]-[log.py]-INFO:输入密码
[2017-12-18 16:48:07,023]-[log.py]-INFO:点击登录
[2017-12-18 16:48:08,658]-[log.py]-INFO:输入用户名
[2017-12-18 16:48:08,711]-[log.py]-INFO:输入密码
[2017-12-18 16:48:08,755]-[log.py]-INFO:点击登录
[2017-12-18 16:48:09,815]-[log.py]-INFO:输入用户名
[2017-12-18 16:48:09,851]-[log.py]-INFO:输入密码
[2017-12-18 16:48:09,904]-[log.py]-INFO:点击登录
[2017-12-18 16:48:10,972]-[log.py]-INFO:输入用户名
[2017-12-18 16:48:11,004]-[log.py]-INFO:输入密码
[2017-12-18 16:48:11,039]-[log.py]-INFO:点击登录
[2017-12-18 16:48:53,115]-[log.py]-INFO:输入用户名
[2017-12-18 16:48:53,205]-[log.py]-INFO:输入密码
[2017-12-18 16:48:53,257]-[log.py]-INFO:点击登录
[2017-12-18 16:48:54,303]-[log.py]-INFO:输入用户名
[2017-12-18 16:48:54,333]-[log.py]-INFO:输入密码
[2017-12-18 16:48:54,372]-[log.py]-INFO:点击登录
[2017-12-18 16:48:55,410]-[log.py]-INFO:输入用户名
[2017-12-18 16:48:55,434]-[log.py]-INFO:输入密码
[2017-12-18 16:48:55,457]-[log.py]-INFO:点击登录
[2017-12-18 16:48:57,080]-[log.py]-INFO:输入用户名
[2017-12-18 16:48:57,128]-[log.py]-INFO:输入密码
[2017-12-18 16:48:57,195]-[log.py]-INFO:点击登录
[2017-12-18 16:48:58,232]-[log.py]-INFO:输入用户名
[2017-12-18 16:48:58,264]-[log.py]-INFO:输入密码
[2017-12-18 16:48:58,290]-[log.py]-INFO:点击登录
[2017-12-18 16:48:59,378]-[log.py]-INFO:输入用户名
[2017-12-18 16:48:59,416]-[log.py]-INFO:输入密码
[2017-12-18 16:48:59,455]-[log.py]-INFO:点击登录
[2017-12-18 16:50:20,093]-[log.py]-INFO:输入用户名
[2017-12-18 16:50:20,169]-[log.py]-INFO:输入密码
[2017-12-18 16:50:21,207]-[log.py]-INFO:点击登录
[2017-12-18 16:50:21,255]-[log.py]-INFO:输入用户名
[2017-12-18 16:50:21,274]-[log.py]-INFO:输入密码
[2017-12-18 16:50:22,336]-[log.py]-INFO:点击登录
[2017-12-18 16:50:22,389]-[log.py]-INFO:输入用户名
[2017-12-18 16:50:22,416]-[log.py]-INFO:输入密码
[2017-12-18 16:50:23,446]-[log.py]-INFO:点击登录
[2017-12-18 16:50:24,152]-[log.py]-INFO:输入用户名
[2017-12-18 16:50:24,252]-[log.py]-INFO:输入密码
[2017-12-18 16:50:25,308]-[log.py]-INFO:点击登录
[2017-12-18 16:50:25,354]-[log.py]-INFO:输入用户名
[2017-12-18 16:50:25,428]-[log.py]-INFO:输入密码
[2017-12-18 16:50:26,477]-[log.py]-INFO:点击登录
[2017-12-18 16:50:26,511]-[log.py]-INFO:输入用户名
[2017-12-18 16:50:26,560]-[log.py]-INFO:输入密码
[2017-12-18 16:50:27,601]-[log.py]-INFO:点击登录
[2017-12-18 16:53:21,213]-[log.py]-INFO:输入用户名
[2017-12-18 16:53:21,255]-[log.py]-INFO:输入密码
[2017-12-18 16:53:22,311]-[log.py]-INFO:点击登录
[2017-12-18 16:54:31,444]-[log.py]-INFO:输入用户名
[2017-12-18 16:54:31,477]-[log.py]-INFO:输入密码
[2017-12-18 16:54:32,506]-[log.py]-INFO:点击登录
[2017-12-18 16:56:28,608]-[log.py]-INFO:输入用户名
[2017-12-18 16:56:28,655]-[log.py]-INFO:输入密码
[2017-12-18 16:56:29,682]-[log.py]-INFO:点击登录
[2017-12-18 16:59:37,821]-[log.py]-INFO:输入用户名
[2017-12-18 16:59:37,871]-[log.py]-INFO:输入密码
[2017-12-18 16:59:38,899]-[log.py]-INFO:点击登录
[2017-12-18 17:02:59,553]-[log.py]-INFO:输入用户名
[2017-12-18 17:02:59,636]-[log.py]-INFO:输入密码
[2017-12-18 17:02:59,679]-[log.py]-INFO:点击登录
[2017-12-18 17:02:59,731]-[log.py]-INFO:输入用户名
[2017-12-18 17:02:59,787]-[log.py]-INFO:输入密码
[2017-12-18 17:02:59,828]-[log.py]-INFO:点击登录
[2017-12-18 17:02:59,860]-[log.py]-INFO:输入用户名
[2017-12-18 17:02:59,893]-[log.py]-INFO:输入密码
[2017-12-18 17:02:59,935]-[log.py]-INFO:点击登录
[2017-12-18 17:03:00,851]-[log.py]-INFO:输入用户名
[2017-12-18 17:03:00,922]-[log.py]-INFO:输入密码
[2017-12-18 17:03:00,999]-[log.py]-INFO:点击登录
[2017-12-18 17:03:01,021]-[log.py]-INFO:输入用户名
[2017-12-18 17:03:01,057]-[log.py]-INFO:输入密码
[2017-12-18 17:03:01,103]-[log.py]-INFO:点击登录
[2017-12-18 17:03:01,132]-[log.py]-INFO:输入用户名
[2017-12-18 17:03:01,162]-[log.py]-INFO:输入密码
[2017-12-18 17:03:01,203]-[log.py]-INFO:点击登录
[2017-12-18 17:04:02,799]-[log.py]-INFO:输入用户名
[2017-12-18 17:04:02,839]-[log.py]-INFO:输入密码
[2017-12-18 17:04:02,877]-[log.py]-INFO:点击登录
[2017-12-18 17:05:33,679]-[log.py]-INFO:输入用户名
[2017-12-18 17:05:33,747]-[log.py]-INFO:输入密码
[2017-12-18 17:05:33,823]-[log.py]-INFO:点击登录
[2017-12-18 17:06:25,179]-[log.py]-INFO:输入用户名
[2017-12-18 17:06:25,244]-[log.py]-INFO:输入密码
[2017-12-18 17:06:25,331]-[log.py]-INFO:点击登录
[2017-12-18 17:06:48,738]-[log.py]-INFO:输入用户名
[2017-12-18 17:06:48,799]-[log.py]-INFO:输入密码
[2017-12-18 17:06:48,864]-[log.py]-INFO:点击登录
[2017-12-18 17:06:50,947]-[log.py]-INFO:输入用户名
[2017-12-18 17:06:50,976]-[log.py]-INFO:输入密码
[2017-12-18 17:06:51,038]-[log.py]-INFO:点击登录
[2017-12-18 17:06:53,089]-[log.py]-INFO:输入用户名
[2017-12-18 17:06:53,173]-[log.py]-INFO:输入密码
[2017-12-18 17:06:53,222]-[log.py]-INFO:点击登录
[2017-12-18 17:07:00,020]-[log.py]-INFO:输入用户名
[2017-12-18 17:08:29,736]-[log.py]-INFO:输入用户名
[2017-12-18 17:08:29,806]-[log.py]-INFO:输入密码
[2017-12-18 17:09:19,148]-[log.py]-INFO:输入用户名
[2017-12-18 17:09:19,199]-[log.py]-INFO:输入密码
[2017-12-18 17:09:19,263]-[log.py]-INFO:点击登录
[2017-12-18 17:09:21,302]-[log.py]-INFO:输入用户名
[2017-12-18 17:09:21,337]-[log.py]-INFO:输入密码
[2017-12-18 17:10:10,001]-[log.py]-INFO:输入用户名
[2017-12-18 17:10:10,063]-[log.py]-INFO:输入密码
[2017-12-18 17:10:11,132]-[log.py]-INFO:点击登录
[2017-12-18 17:10:13,180]-[log.py]-INFO:输入用户名
[2017-12-18 17:10:13,225]-[log.py]-INFO:输入密码
[2017-12-18 17:11:40,808]-[log.py]-INFO:输入用户名
[2017-12-18 17:11:40,881]-[log.py]-INFO:输入密码
[2017-12-18 17:11:40,908]-[log.py]-INFO:点击登录
[2017-12-18 17:11:43,328]-[log.py]-INFO:输入用户名
[2017-12-18 17:11:43,389]-[log.py]-INFO:输入密码
[2017-12-18 17:11:43,486]-[log.py]-INFO:点击登录
[2017-12-18 17:11:45,510]-[log.py]-INFO:输入用户名
[2017-12-18 17:11:45,551]-[log.py]-INFO:输入密码
[2017-12-18 17:11:45,578]-[log.py]-INFO:点击登录
[2017-12-18 17:11:48,269]-[log.py]-INFO:输入用户名
[2017-12-18 17:11:48,672]-[log.py]-INFO:输入密码
[2017-12-18 17:16:32,485]-[log.py]-INFO:输入用户名
[2017-12-18 17:16:32,530]-[log.py]-INFO:输入密码
[2017-12-18 17:16:32,573]-[log.py]-INFO:点击登录
[2017-12-18 17:16:34,611]-[log.py]-INFO:输入用户名
[2017-12-18 17:16:34,667]-[log.py]-INFO:输入密码
[2017-12-18 17:16:34,698]-[log.py]-INFO:点击登录
[2017-12-18 17:16:37,268]-[log.py]-INFO:输入用户名
[2017-12-18 17:20:26,938]-[log.py]-INFO:输入用户名
[2017-12-18 17:20:27,001]-[log.py]-INFO:输入密码
[2017-12-18 17:20:27,047]-[log.py]-INFO:点击登录
[2017-12-18 17:20:29,108]-[log.py]-INFO:输入用户名
[2017-12-18 17:20:29,164]-[log.py]-INFO:输入密码
[2017-12-18 17:20:29,188]-[log.py]-INFO:点击登录
[2017-12-18 17:20:31,864]-[log.py]-INFO:输入用户名
[2017-12-18 17:20:31,899]-[log.py]-INFO:输入密码
[2017-12-18 17:20:31,930]-[log.py]-INFO:点击登录
[2017-12-18 17:21:48,961]-[log.py]-INFO:输入用户名
[2017-12-18 17:21:49,048]-[log.py]-INFO:输入密码
[2017-12-18 17:21:49,091]-[log.py]-INFO:点击登录
[2017-12-18 17:23:42,339]-[log.py]-INFO:输入用户名
[2017-12-18 17:23:42,419]-[log.py]-INFO:输入密码
[2017-12-18 17:23:42,456]-[log.py]-INFO:点击登录
[2017-12-18 17:27:26,220]-[log.py]-INFO:输入用户名
[2017-12-18 17:27:26,294]-[log.py]-INFO:输入密码
[2017-12-18 17:27:26,328]-[log.py]-INFO:点击登录
[2017-12-18 17:28:46,602]-[log.py]-INFO:输入用户名
[2017-12-18 17:28:46,687]-[log.py]-INFO:输入密码
[2017-12-18 17:30:44,512]-[log.py]-INFO:输入用户名
[2017-12-18 17:30:44,593]-[log.py]-INFO:输入密码
[2017-12-18 17:31:15,952]-[log.py]-INFO:输入用户名
[2017-12-18 17:31:16,027]-[log.py]-INFO:输入密码
[2017-12-18 17:31:16,064]-[log.py]-INFO:点击登录
[2017-12-18 17:35:02,939]-[log.py]-INFO:输入用户名
[2017-12-18 17:35:02,998]-[log.py]-INFO:输入密码
[2017-12-18 17:35:03,038]-[log.py]-INFO:点击登录
[2017-12-18 17:35:48,684]-[log.py]-INFO:输入用户名
[2017-12-18 17:35:48,744]-[log.py]-INFO:输入密码
[2017-12-18 17:35:48,787]-[log.py]-INFO:点击登录
[2017-12-18 17:36:38,155]-[log.py]-INFO:输入用户名
[2017-12-18 17:36:38,293]-[log.py]-INFO:输入密码
[2017-12-18 17:36:38,333]-[log.py]-INFO:点击登录
[2017-12-18 17:38:16,384]-[log.py]-INFO:输入用户名
[2017-12-18 17:38:16,473]-[log.py]-INFO:输入密码
[2017-12-18 17:38:16,511]-[log.py]-INFO:点击登录
[2017-12-18 17:38:27,087]-[log.py]-INFO:输入用户名
[2017-12-18 17:38:27,157]-[log.py]-INFO:输入密码
[2017-12-18 17:38:27,184]-[log.py]-INFO:点击登录
[2017-12-18 17:38:29,277]-[log.py]-INFO:输入用户名
[2017-12-18 17:38:29,328]-[log.py]-INFO:输入密码
[2017-12-18 17:38:29,351]-[log.py]-INFO:点击登录
[2017-12-18 17:38:31,401]-[log.py]-INFO:输入用户名
[2017-12-18 17:38:31,440]-[log.py]-INFO:输入密码
[2017-12-18 17:38:31,492]-[log.py]-INFO:点击登录
[2017-12-18 17:40:38,208]-[log.py]-INFO:输入用户名
[2017-12-18 17:40:38,267]-[log.py]-INFO:输入密码
[2017-12-18 17:40:38,301]-[log.py]-INFO:点击登录
[2017-12-18 17:40:48,896]-[log.py]-INFO:输入用户名
[2017-12-18 17:40:48,944]-[log.py]-INFO:输入密码
[2017-12-18 17:40:48,969]-[log.py]-INFO:点击登录
[2017-12-18 17:40:51,009]-[log.py]-INFO:输入用户名
[2017-12-18 17:40:51,069]-[log.py]-INFO:输入密码
[2017-12-18 17:40:51,092]-[log.py]-INFO:点击登录
[2017-12-18 17:40:53,155]-[log.py]-INFO:输入用户名
[2017-12-18 17:42:18,298]-[log.py]-INFO:输入用户名
[2017-12-18 17:42:18,386]-[log.py]-INFO:输入密码
[2017-12-18 17:42:18,424]-[log.py]-INFO:点击登录
[2017-12-18 17:43:40,587]-[log.py]-INFO:输入用户名
[2017-12-18 17:43:40,652]-[log.py]-INFO:输入密码
[2017-12-18 17:43:40,696]-[log.py]-INFO:点击登录
[2017-12-18 17:43:46,452]-[log.py]-INFO:输入用户名
[2017-12-18 17:43:46,706]-[log.py]-INFO:输入密码
[2017-12-18 17:43:46,782]-[log.py]-INFO:点击登录
[2017-12-18 17:43:46,907]-[log.py]-INFO:输入用户名
[2017-12-18 17:43:46,962]-[log.py]-INFO:输入密码
[2017-12-18 17:43:47,021]-[log.py]-INFO:点击登录
[2017-12-18 17:43:47,102]-[log.py]-INFO:输入用户名
[2017-12-18 17:43:47,138]-[log.py]-INFO:输入密码
[2017-12-18 17:43:47,171]-[log.py]-INFO:点击登录
[2017-12-18 17:53:05,385]-[log.py]-INFO:输入用户名
[2017-12-18 17:53:05,493]-[log.py]-INFO:输入密码
[2017-12-18 17:53:05,527]-[log.py]-INFO:点击登录
[2017-12-18 17:55:12,440]-[log.py]-INFO:输入用户名
[2017-12-18 17:55:12,509]-[log.py]-INFO:输入密码
[2017-12-18 17:55:12,612]-[log.py]-INFO:点击登录
[2017-12-18 17:56:06,831]-[log.py]-INFO:输入用户名
[2017-12-18 17:56:08,188]-[log.py]-INFO:输入密码
[2017-12-18 17:56:08,460]-[log.py]-INFO:点击登录
[2017-12-18 17:56:52,641]-[log.py]-INFO:输入用户名
[2017-12-18 17:56:52,704]-[log.py]-INFO:输入密码
[2017-12-18 17:56:52,749]-[log.py]-INFO:点击登录
[2017-12-18 17:56:58,135]-[log.py]-INFO:输入用户名
[2017-12-18 17:57:42,953]-[log.py]-INFO:输入用户名
[2017-12-18 17:57:43,067]-[log.py]-INFO:输入密码
[2017-12-18 17:57:43,114]-[log.py]-INFO:点击登录
[2017-12-18 17:57:48,338]-[log.py]-INFO:输入用户名
[2017-12-18 17:58:28,205]-[log.py]-INFO:输入用户名
[2017-12-18 17:58:28,388]-[log.py]-INFO:输入密码
[2017-12-18 17:58:28,436]-[log.py]-INFO:点击登录
[2017-12-18 17:59:40,832]-[log.py]-INFO:输入用户名
[2017-12-18 17:59:40,921]-[log.py]-INFO:输入密码
[2017-12-18 17:59:40,961]-[log.py]-INFO:点击登录
[2017-12-18 18:09:20,530]-[log.py]-INFO:输入用户名
[2017-12-18 18:09:20,616]-[log.py]-INFO:输入密码
[2017-12-18 18:09:20,651]-[log.py]-INFO:点击登录
[2017-12-18 18:10:10,973]-[log.py]-INFO:输入用户名
[2017-12-18 18:10:11,053]-[log.py]-INFO:输入密码
[2017-12-18 18:10:11,114]-[log.py]-INFO:点击登录
[2017-12-18 18:12:44,657]-[log.py]-INFO:输入用户名
[2017-12-18 18:12:44,759]-[log.py]-INFO:输入密码
[2017-12-18 18:12:44,791]-[log.py]-INFO:点击登录
[2017-12-18 18:18:17,952]-[log.py]-INFO:输入用户名
[2017-12-18 18:18:18,056]-[log.py]-INFO:输入密码
[2017-12-18 18:18:18,096]-[log.py]-INFO:点击登录
[2017-12-18 18:18:49,862]-[log.py]-INFO:输入用户名
[2017-12-18 18:18:49,960]-[log.py]-INFO:输入密码
[2017-12-18 18:18:50,006]-[log.py]-INFO:点击登录
[2017-12-18 18:23:16,374]-[log.py]-INFO:输入用户名
[2017-12-18 18:23:16,586]-[log.py]-INFO:输入密码
[2017-12-18 18:23:16,626]-[log.py]-INFO:点击登录
[2017-12-18 19:36:58,952]-[log.py]-INFO:输入用户名
[2017-12-18 19:36:59,034]-[log.py]-INFO:输入密码
[2017-12-18 19:36:59,073]-[log.py]-INFO:点击登录
[2017-12-18 19:37:43,207]-[log.py]-INFO:输入用户名
[2017-12-18 19:37:43,330]-[log.py]-INFO:输入密码
[2017-12-18 19:37:43,368]-[log.py]-INFO:点击登录
[2017-12-18 19:39:21,270]-[log.py]-INFO:输入用户名
[2017-12-18 19:39:21,349]-[log.py]-INFO:输入密码
[2017-12-18 19:39:21,383]-[log.py]-INFO:点击登录
[2017-12-18 19:41:47,128]-[log.py]-INFO:输入用户名
[2017-12-18 19:41:47,221]-[log.py]-INFO:输入密码
[2017-12-18 19:41:47,272]-[log.py]-INFO:点击登录
[2017-12-18 19:43:15,000]-[log.py]-INFO:输入用户名
[2017-12-18 19:43:15,086]-[log.py]-INFO:输入密码
[2017-12-18 19:43:15,125]-[log.py]-INFO:点击登录
[2017-12-18 19:45:45,470]-[log.py]-INFO:输入用户名
[2017-12-18 19:45:45,538]-[log.py]-INFO:输入密码
[2017-12-18 19:45:45,574]-[log.py]-INFO:点击登录
[2017-12-18 19:51:52,039]-[log.py]-INFO:输入用户名
[2017-12-18 19:51:52,080]-[log.py]-INFO:输入密码
[2017-12-18 19:51:52,110]-[log.py]-INFO:点击登录
[2017-12-18 19:52:48,157]-[log.py]-INFO:输入用户名
[2017-12-18 19:52:48,199]-[log.py]-INFO:输入密码
[2017-12-18 19:52:48,241]-[log.py]-INFO:点击登录
[2017-12-18 19:54:15,776]-[log.py]-INFO:输入用户名
[2017-12-18 19:54:15,816]-[log.py]-INFO:输入密码
[2017-12-18 19:54:15,845]-[log.py]-INFO:点击登录
[2017-12-18 19:56:12,210]-[log.py]-INFO:输入用户名
[2017-12-18 19:57:51,092]-[log.py]-INFO:输入用户名
[2017-12-18 19:57:51,166]-[log.py]-INFO:输入密码
[2017-12-18 19:57:51,197]-[log.py]-INFO:点击登录
[2017-12-18 19:58:44,895]-[log.py]-INFO:输入用户名
[2017-12-18 19:58:44,932]-[log.py]-INFO:输入密码
[2017-12-18 19:58:44,962]-[log.py]-INFO:点击登录
[2017-12-18 20:12:33,665]-[log.py]-INFO:输入用户名
[2017-12-18 20:12:33,748]-[log.py]-INFO:输入密码
[2017-12-18 20:12:33,775]-[log.py]-INFO:点击登录
[2017-12-18 20:12:54,302]-[log.py]-INFO:输入用户名
[2017-12-18 20:12:54,333]-[log.py]-INFO:输入密码
[2017-12-18 20:12:54,364]-[log.py]-INFO:点击登录
[2017-12-18 20:14:48,625]-[log.py]-INFO:输入用户名
[2017-12-18 20:14:48,688]-[log.py]-INFO:输入密码
[2017-12-18 20:14:48,719]-[log.py]-INFO:点击登录
[2017-12-18 20:15:12,157]-[log.py]-INFO:输入用户名
[2017-12-18 20:15:12,173]-[log.py]-INFO:输入密码
[2017-12-18 20:15:12,204]-[log.py]-INFO:点击登录
[2017-12-18 20:16:48,330]-[log.py]-INFO:输入用户名
[2017-12-18 20:16:48,403]-[log.py]-INFO:输入密码
[2017-12-18 20:16:48,449]-[log.py]-INFO:点击登录
[2017-12-18 20:17:16,437]-[log.py]-INFO:输入用户名
[2017-12-18 20:17:16,579]-[log.py]-INFO:输入密码
[2017-12-18 20:17:16,619]-[log.py]-INFO:点击登录
[2017-12-18 20:17:32,122]-[log.py]-INFO:输入用户名
[2017-12-18 20:17:32,153]-[log.py]-INFO:输入密码
[2017-12-18 20:17:32,184]-[log.py]-INFO:点击登录
[2017-12-18 20:17:40,249]-[log.py]-INFO:输入用户名
[2017-12-18 20:17:40,296]-[log.py]-INFO:输入密码
[2017-12-18 20:17:40,327]-[log.py]-INFO:点击登录
[2017-12-18 20:17:48,392]-[log.py]-INFO:输入用户名
[2017-12-18 20:18:43,024]-[log.py]-INFO:输入用户名
[2017-12-18 20:18:43,097]-[log.py]-INFO:输入密码
[2017-12-18 20:18:43,156]-[log.py]-INFO:点击登录
[2017-12-18 20:18:58,988]-[log.py]-INFO:输入用户名
[2017-12-18 20:18:59,066]-[log.py]-INFO:输入密码
[2017-12-18 20:18:59,097]-[log.py]-INFO:点击登录
[2017-12-18 20:19:07,165]-[log.py]-INFO:输入用户名
[2017-12-18 20:19:07,227]-[log.py]-INFO:输入密码
[2017-12-18 20:19:07,274]-[log.py]-INFO:点击登录
[2017-12-18 20:19:15,324]-[log.py]-INFO:输入用户名
[2017-12-18 20:19:15,386]-[log.py]-INFO:输入密码
[2017-12-18 20:19:15,433]-[log.py]-INFO:点击登录
[2017-12-18 20:20:11,770]-[log.py]-INFO:输入用户名
[2017-12-18 20:20:11,835]-[log.py]-INFO:输入密码
[2017-12-18 20:20:11,898]-[log.py]-INFO:点击登录
[2017-12-18 20:20:28,045]-[log.py]-INFO:输入用户名
[2017-12-18 20:20:28,107]-[log.py]-INFO:输入密码
[2017-12-18 20:20:28,138]-[log.py]-INFO:点击登录
[2017-12-18 20:20:36,204]-[log.py]-INFO:输入用户名
[2017-12-18 20:20:36,266]-[log.py]-INFO:输入密码
[2017-12-18 20:20:36,313]-[log.py]-INFO:点击登录
[2017-12-18 20:20:44,362]-[log.py]-INFO:输入用户名
[2017-12-18 20:20:44,409]-[log.py]-INFO:输入密码
[2017-12-18 20:20:44,456]-[log.py]-INFO:点击登录
[2017-12-18 20:23:53,301]-[log.py]-INFO:输入用户名
[2017-12-18 20:23:53,386]-[log.py]-INFO:输入密码
[2017-12-18 20:23:53,435]-[log.py]-INFO:点击登录
[2017-12-18 20:24:08,863]-[log.py]-INFO:输入用户名
[2017-12-18 20:24:08,941]-[log.py]-INFO:输入密码
[2017-12-18 20:24:08,988]-[log.py]-INFO:点击登录
[2017-12-18 20:24:17,058]-[log.py]-INFO:输入用户名
[2017-12-18 20:24:17,120]-[log.py]-INFO:输入密码
[2017-12-18 20:24:17,167]-[log.py]-INFO:点击登录
[2017-12-18 20:25:14,333]-[log.py]-INFO:输入用户名
[2017-12-18 20:25:14,406]-[log.py]-INFO:输入密码
[2017-12-18 20:25:14,450]-[log.py]-INFO:点击登录
[2017-12-18 20:25:29,752]-[log.py]-INFO:输入用户名
[2017-12-18 20:25:29,830]-[log.py]-INFO:输入密码
[2017-12-18 20:25:29,862]-[log.py]-INFO:点击登录
[2017-12-18 20:25:37,927]-[log.py]-INFO:输入用户名
[2017-12-18 20:25:38,005]-[log.py]-INFO:输入密码
[2017-12-18 20:25:38,036]-[log.py]-INFO:点击登录
[2017-12-18 20:26:33,297]-[log.py]-INFO:输入用户名
[2017-12-18 20:26:33,359]-[log.py]-INFO:输入密码
[2017-12-18 20:26:33,405]-[log.py]-INFO:点击登录
[2017-12-18 20:26:49,052]-[log.py]-INFO:输入用户名
[2017-12-18 20:26:49,083]-[log.py]-INFO:输入密码
[2017-12-18 20:26:49,145]-[log.py]-INFO:点击登录
[2017-12-18 20:26:57,210]-[log.py]-INFO:输入用户名
[2017-12-18 20:26:57,273]-[log.py]-INFO:输入密码
[2017-12-18 20:26:57,304]-[log.py]-INFO:点击登录
[2017-12-18 20:27:10,392]-[log.py]-INFO:输入用户名
[2017-12-18 20:27:10,439]-[log.py]-INFO:输入密码
[2017-12-18 20:27:10,470]-[log.py]-INFO:点击登录
[2017-12-18 20:27:23,684]-[log.py]-INFO:输入用户名
[2017-12-18 20:27:23,762]-[log.py]-INFO:输入密码
[2017-12-18 20:27:23,793]-[log.py]-INFO:点击登录
[2017-12-18 20:28:47,905]-[log.py]-INFO:输入用户名
[2017-12-18 20:28:47,983]-[log.py]-INFO:输入密码
[2017-12-18 20:28:48,026]-[log.py]-INFO:点击登录
[2017-12-18 20:29:03,514]-[log.py]-INFO:输入用户名
[2017-12-18 20:29:03,576]-[log.py]-INFO:输入密码
[2017-12-18 20:29:03,623]-[log.py]-INFO:点击登录
[2017-12-18 20:29:11,672]-[log.py]-INFO:输入用户名
[2017-12-18 20:29:11,735]-[log.py]-INFO:输入密码
[2017-12-18 20:29:11,766]-[log.py]-INFO:点击登录
[2017-12-18 20:29:24,901]-[log.py]-INFO:输入用户名
[2017-12-18 20:29:24,948]-[log.py]-INFO:输入密码
[2017-12-18 20:29:24,995]-[log.py]-INFO:点击登录
[2017-12-18 20:29:38,177]-[log.py]-INFO:输入用户名
[2017-12-18 20:29:38,224]-[log.py]-INFO:输入密码
[2017-12-18 20:29:38,255]-[log.py]-INFO:点击登录
[2017-12-18 20:31:26,966]-[log.py]-INFO:输入用户名
[2017-12-18 20:31:27,060]-[log.py]-INFO:输入密码
[2017-12-18 20:31:27,107]-[log.py]-INFO:点击登录
[2017-12-18 20:33:41,425]-[log.py]-INFO:输入用户名
[2017-12-18 20:33:41,459]-[log.py]-INFO:输入密码
[2017-12-18 20:33:41,500]-[log.py]-INFO:点击登录
[2017-12-18 20:33:56,879]-[log.py]-INFO:输入用户名
[2017-12-18 20:33:56,941]-[log.py]-INFO:输入密码
[2017-12-18 20:33:56,988]-[log.py]-INFO:点击登录
[2017-12-18 20:34:05,038]-[log.py]-INFO:输入用户名
[2017-12-18 20:34:05,100]-[log.py]-INFO:输入密码
[2017-12-18 20:34:05,131]-[log.py]-INFO:点击登录
[2017-12-18 20:34:18,251]-[log.py]-INFO:输入用户名
[2017-12-18 20:34:18,329]-[log.py]-INFO:输入密码
[2017-12-18 20:34:18,376]-[log.py]-INFO:点击登录
[2017-12-18 20:35:21,570]-[log.py]-INFO:输入用户名
[2017-12-18 20:35:21,622]-[log.py]-INFO:输入密码
[2017-12-18 20:35:21,666]-[log.py]-INFO:点击登录
[2017-12-18 20:35:37,020]-[log.py]-INFO:输入用户名
[2017-12-18 20:35:37,083]-[log.py]-INFO:输入密码
[2017-12-18 20:35:37,129]-[log.py]-INFO:点击登录
[2017-12-18 20:35:45,179]-[log.py]-INFO:输入用户名
[2017-12-18 20:35:45,241]-[log.py]-INFO:输入密码
[2017-12-18 20:35:45,273]-[log.py]-INFO:点击登录
[2017-12-18 20:35:58,392]-[log.py]-INFO:输入用户名
[2017-12-18 20:35:58,455]-[log.py]-INFO:输入密码
[2017-12-18 20:35:58,501]-[log.py]-INFO:点击登录
[2017-12-18 20:36:11,699]-[log.py]-INFO:输入用户名
[2017-12-18 20:36:11,746]-[log.py]-INFO:输入密码
[2017-12-18 20:36:11,793]-[log.py]-INFO:点击登录
[2017-12-18 20:37:42,162]-[log.py]-INFO:输入用户名
[2017-12-18 20:37:42,207]-[log.py]-INFO:输入密码
[2017-12-18 20:37:42,251]-[log.py]-INFO:点击登录
[2017-12-18 20:37:57,567]-[log.py]-INFO:输入用户名
[2017-12-18 20:37:57,645]-[log.py]-INFO:输入密码
[2017-12-18 20:37:57,676]-[log.py]-INFO:点击登录
[2017-12-18 20:38:05,741]-[log.py]-INFO:输入用户名
[2017-12-18 20:38:05,819]-[log.py]-INFO:输入密码
[2017-12-18 20:38:05,850]-[log.py]-INFO:点击登录
[2017-12-18 20:38:18,954]-[log.py]-INFO:输入用户名
[2017-12-18 20:38:19,001]-[log.py]-INFO:输入密码
[2017-12-18 20:38:19,048]-[log.py]-INFO:点击登录
[2017-12-18 20:38:32,232]-[log.py]-INFO:输入用户名
[2017-12-18 20:38:32,263]-[log.py]-INFO:输入密码
[2017-12-18 20:38:32,310]-[log.py]-INFO:点击登录
[2017-12-18 20:40:34,252]-[log.py]-INFO:输入用户名
[2017-12-18 20:40:34,332]-[log.py]-INFO:输入密码
[2017-12-18 20:40:34,378]-[log.py]-INFO:点击登录
[2017-12-18 20:42:22,550]-[log.py]-INFO:输入用户名
[2017-12-18 20:42:22,588]-[log.py]-INFO:输入密码
[2017-12-18 20:42:22,632]-[log.py]-INFO:点击登录
[2017-12-18 20:42:37,933]-[log.py]-INFO:输入用户名
[2017-12-18 20:42:38,027]-[log.py]-INFO:输入密码
[2017-12-18 20:42:38,073]-[log.py]-INFO:点击登录
[2017-12-18 20:42:46,123]-[log.py]-INFO:输入用户名
[2017-12-18 20:42:46,170]-[log.py]-INFO:输入密码
[2017-12-18 20:42:46,217]-[log.py]-INFO:点击登录
[2017-12-18 20:42:59,336]-[log.py]-INFO:输入用户名
[2017-12-18 20:42:59,383]-[log.py]-INFO:输入密码
[2017-12-18 20:42:59,414]-[log.py]-INFO:点击登录
[2017-12-18 20:43:12,644]-[log.py]-INFO:输入用户名
[2017-12-18 20:43:12,706]-[log.py]-INFO:输入密码
[2017-12-18 20:43:12,753]-[log.py]-INFO:点击登录
[2017-12-18 21:21:54,037]-[log.py]-INFO:点击客服设置
[2017-12-18 21:21:54,799]-[log.py]-INFO:进入iframe
[2017-12-18 21:21:55,885]-[log.py]-INFO:点击对话设置
