[2017-12-04 17:44:34,428]-[log.py]-INFO:点击后台管理
[2017-12-04 17:44:34,636]-[log.py]-INFO:点击组织
[2017-12-04 17:44:36,725]-[log.py]-INFO:点击添加成员
[2017-12-04 17:44:37,354]-[log.py]-INFO:输入用户名，真实姓名
[2017-12-04 17:44:37,843]-[log.py]-INFO:选择性别
[2017-12-04 17:44:37,843]-[log.py]-INFO:选择部门，角色
[2017-12-04 17:44:37,981]-[log.py]-INFO:输入密码，重复密码，邮箱
[2017-12-04 17:44:38,153]-[log.py]-INFO:点击保存
[2017-12-04 17:44:39,212]-[log.py]-INFO:获取url
[2017-12-04 17:44:40,333]-[log.py]-INFO:获取用户名错误提示文本
[2017-12-04 17:44:40,351]-[log.py]-INFO:获取姓名错误提示文本
[2017-12-04 17:44:40,352]-[log.py]-INFO:获取角色错误提示文本
[2017-12-04 17:44:40,352]-[log.py]-INFO:获取密码错误提示文本
[2017-12-04 17:44:40,353]-[log.py]-INFO:获取邮箱错误提示文本
[2017-12-04 17:44:41,462]-[log.py]-INFO:点击后台管理
[2017-12-04 17:44:41,529]-[log.py]-INFO:点击组织
[2017-12-04 17:44:43,599]-[log.py]-INFO:点击添加成员
[2017-12-04 17:44:43,913]-[log.py]-INFO:输入用户名，真实姓名
[2017-12-04 17:44:44,309]-[log.py]-INFO:选择性别
[2017-12-04 17:44:44,344]-[log.py]-INFO:选择部门，角色
[2017-12-04 17:44:44,498]-[log.py]-INFO:输入密码，重复密码，邮箱
[2017-12-04 17:44:44,682]-[log.py]-INFO:点击保存
[2017-12-04 17:44:45,745]-[log.py]-INFO:获取url
[2017-12-04 17:44:46,841]-[log.py]-INFO:获取用户名错误提示文本
[2017-12-04 17:44:46,865]-[log.py]-INFO:获取姓名错误提示文本
[2017-12-04 17:44:46,865]-[log.py]-INFO:获取角色错误提示文本
[2017-12-04 17:44:46,866]-[log.py]-INFO:获取密码错误提示文本
[2017-12-04 17:44:46,866]-[log.py]-INFO:获取邮箱错误提示文本
[2017-12-04 17:44:47,975]-[log.py]-INFO:点击后台管理
[2017-12-04 17:44:48,058]-[log.py]-INFO:点击组织
[2017-12-04 17:44:50,143]-[log.py]-INFO:点击添加成员
[2017-12-04 17:44:50,494]-[log.py]-INFO:输入用户名，真实姓名
[2017-12-04 17:44:50,873]-[log.py]-INFO:选择性别
[2017-12-04 17:44:50,917]-[log.py]-INFO:选择部门，角色
[2017-12-04 17:44:51,172]-[log.py]-INFO:输入密码，重复密码，邮箱
[2017-12-04 17:44:51,373]-[log.py]-INFO:点击保存
[2017-12-04 17:44:52,437]-[log.py]-INFO:获取url
[2017-12-04 17:44:53,513]-[log.py]-INFO:获取用户名错误提示文本
[2017-12-04 17:44:53,514]-[log.py]-INFO:获取姓名错误提示文本
[2017-12-04 17:44:53,528]-[log.py]-INFO:获取角色错误提示文本
[2017-12-04 17:44:53,528]-[log.py]-INFO:获取密码错误提示文本
[2017-12-04 17:44:53,529]-[log.py]-INFO:获取邮箱错误提示文本
[2017-12-04 17:44:54,640]-[log.py]-INFO:点击后台管理
[2017-12-04 17:44:54,707]-[log.py]-INFO:点击组织
[2017-12-04 17:44:56,782]-[log.py]-INFO:点击添加成员
[2017-12-04 17:44:57,168]-[log.py]-INFO:输入用户名，真实姓名
[2017-12-04 17:44:57,605]-[log.py]-INFO:选择性别
[2017-12-04 17:44:57,650]-[log.py]-INFO:选择部门，角色
[2017-12-04 17:44:57,793]-[log.py]-INFO:输入密码，重复密码，邮箱
[2017-12-04 17:44:57,984]-[log.py]-INFO:点击保存
[2017-12-04 17:44:59,052]-[log.py]-INFO:获取url
[2017-12-04 17:45:00,160]-[log.py]-INFO:获取用户名错误提示文本
[2017-12-04 17:45:00,160]-[log.py]-INFO:获取姓名错误提示文本
[2017-12-04 17:45:00,161]-[log.py]-INFO:获取角色错误提示文本
[2017-12-04 17:45:00,175]-[log.py]-INFO:获取密码错误提示文本
[2017-12-04 17:45:00,175]-[log.py]-INFO:获取邮箱错误提示文本
[2017-12-04 17:45:01,283]-[log.py]-INFO:点击后台管理
[2017-12-04 17:45:01,348]-[log.py]-INFO:点击组织
[2017-12-04 17:45:03,442]-[log.py]-INFO:点击添加成员
[2017-12-04 17:45:03,792]-[log.py]-INFO:输入用户名，真实姓名
[2017-12-04 17:45:04,228]-[log.py]-INFO:选择性别
[2017-12-04 17:45:04,281]-[log.py]-INFO:选择部门，角色
[2017-12-04 17:45:04,456]-[log.py]-INFO:输入密码，重复密码，邮箱
[2017-12-04 17:45:04,665]-[log.py]-INFO:点击保存
[2017-12-04 17:45:05,736]-[log.py]-INFO:获取url
[2017-12-04 17:45:06,839]-[log.py]-INFO:获取用户名错误提示文本
[2017-12-04 17:45:06,839]-[log.py]-INFO:获取姓名错误提示文本
[2017-12-04 17:45:06,840]-[log.py]-INFO:获取角色错误提示文本
[2017-12-04 17:45:06,840]-[log.py]-INFO:获取密码错误提示文本
[2017-12-04 17:45:06,853]-[log.py]-INFO:获取邮箱错误提示文本
[2017-12-04 17:45:07,959]-[log.py]-INFO:点击后台管理
[2017-12-04 17:45:08,029]-[log.py]-INFO:点击组织
[2017-12-04 17:45:10,108]-[log.py]-INFO:点击添加成员
[2017-12-04 17:45:10,415]-[log.py]-INFO:输入用户名，真实姓名
[2017-12-04 17:45:10,875]-[log.py]-INFO:选择性别
[2017-12-04 17:45:10,914]-[log.py]-INFO:选择部门，角色
[2017-12-04 17:45:11,065]-[log.py]-INFO:输入密码，重复密码，邮箱
[2017-12-04 17:45:11,225]-[log.py]-INFO:点击保存
[2017-12-04 17:45:12,271]-[log.py]-INFO:获取url
[2017-12-04 17:45:13,375]-[log.py]-INFO:获取用户名错误提示文本
[2017-12-04 17:45:13,376]-[log.py]-INFO:获取姓名错误提示文本
[2017-12-04 17:45:13,376]-[log.py]-INFO:获取角色错误提示文本
[2017-12-04 17:45:13,377]-[log.py]-INFO:获取密码错误提示文本
[2017-12-04 17:45:13,393]-[log.py]-INFO:获取邮箱错误提示文本
[2017-12-04 17:45:14,499]-[log.py]-INFO:点击后台管理
[2017-12-04 17:45:14,569]-[log.py]-INFO:点击组织
[2017-12-04 17:45:16,666]-[log.py]-INFO:点击添加成员
[2017-12-04 17:45:17,021]-[log.py]-INFO:输入用户名，真实姓名
[2017-12-04 17:45:17,479]-[log.py]-INFO:选择性别
[2017-12-04 17:45:17,528]-[log.py]-INFO:选择部门，角色
[2017-12-04 17:45:17,714]-[log.py]-INFO:输入密码，重复密码，邮箱
[2017-12-04 17:45:17,893]-[log.py]-INFO:点击保存
[2017-12-04 17:45:18,950]-[log.py]-INFO:获取url
[2017-12-04 17:45:20,056]-[log.py]-INFO:获取用户名错误提示文本
[2017-12-04 17:45:20,056]-[log.py]-INFO:获取姓名错误提示文本
[2017-12-04 17:45:20,057]-[log.py]-INFO:获取角色错误提示文本
[2017-12-04 17:45:20,057]-[log.py]-INFO:获取密码错误提示文本
[2017-12-04 17:45:20,058]-[log.py]-INFO:获取邮箱错误提示文本
[2017-12-04 17:45:21,184]-[log.py]-INFO:点击后台管理
[2017-12-04 17:45:21,250]-[log.py]-INFO:点击组织
[2017-12-04 17:45:23,332]-[log.py]-INFO:点击添加成员
[2017-12-04 17:45:23,676]-[log.py]-INFO:输入用户名，真实姓名
[2017-12-04 17:45:24,204]-[log.py]-INFO:选择性别
[2017-12-04 17:45:24,247]-[log.py]-INFO:选择部门，角色
[2017-12-04 17:45:24,421]-[log.py]-INFO:输入密码，重复密码，邮箱
[2017-12-04 17:45:24,607]-[log.py]-INFO:点击保存
[2017-12-04 17:45:25,672]-[log.py]-INFO:获取url
[2017-12-04 17:45:26,759]-[log.py]-INFO:获取用户名错误提示文本
[2017-12-04 17:45:26,775]-[log.py]-INFO:获取姓名错误提示文本
[2017-12-04 17:45:26,775]-[log.py]-INFO:获取角色错误提示文本
[2017-12-04 17:45:26,776]-[log.py]-INFO:获取密码错误提示文本
[2017-12-04 17:45:26,776]-[log.py]-INFO:获取邮箱错误提示文本
[2017-12-04 17:45:27,885]-[log.py]-INFO:点击后台管理
[2017-12-04 17:45:27,969]-[log.py]-INFO:点击组织
[2017-12-04 17:45:30,054]-[log.py]-INFO:点击添加成员
[2017-12-04 17:45:30,422]-[log.py]-INFO:输入用户名，真实姓名
[2017-12-04 17:45:30,853]-[log.py]-INFO:选择性别
[2017-12-04 17:45:30,903]-[log.py]-INFO:选择部门，角色
[2017-12-04 17:45:31,069]-[log.py]-INFO:输入密码，重复密码，邮箱
[2017-12-04 17:45:31,255]-[log.py]-INFO:点击保存
[2017-12-04 17:45:32,351]-[log.py]-INFO:获取url
[2017-12-04 17:45:33,475]-[log.py]-INFO:获取用户名错误提示文本
[2017-12-04 17:45:33,492]-[log.py]-INFO:获取姓名错误提示文本
[2017-12-04 17:45:33,493]-[log.py]-INFO:获取角色错误提示文本
[2017-12-04 17:45:33,493]-[log.py]-INFO:获取密码错误提示文本
[2017-12-04 17:45:33,494]-[log.py]-INFO:获取邮箱错误提示文本
[2017-12-04 17:45:34,601]-[log.py]-INFO:点击后台管理
[2017-12-04 17:45:34,678]-[log.py]-INFO:点击组织
[2017-12-04 17:45:36,768]-[log.py]-INFO:点击添加成员
[2017-12-04 17:45:37,135]-[log.py]-INFO:输入用户名，真实姓名
[2017-12-04 17:45:37,543]-[log.py]-INFO:选择性别
[2017-12-04 17:45:37,592]-[log.py]-INFO:选择部门，角色
[2017-12-04 17:45:37,776]-[log.py]-INFO:输入密码，重复密码，邮箱
[2017-12-04 17:45:37,981]-[log.py]-INFO:点击保存
[2017-12-04 17:45:39,035]-[log.py]-INFO:获取url
[2017-12-04 17:45:40,145]-[log.py]-INFO:获取用户名错误提示文本
[2017-12-04 17:45:40,146]-[log.py]-INFO:获取姓名错误提示文本
[2017-12-04 17:45:40,146]-[log.py]-INFO:获取角色错误提示文本
[2017-12-04 17:45:40,146]-[log.py]-INFO:获取密码错误提示文本
[2017-12-04 17:45:40,147]-[log.py]-INFO:获取邮箱错误提示文本
[2017-12-04 17:45:41,270]-[log.py]-INFO:点击后台管理
[2017-12-04 17:45:41,345]-[log.py]-INFO:点击组织
[2017-12-04 17:45:43,430]-[log.py]-INFO:点击添加成员
[2017-12-04 17:45:43,803]-[log.py]-INFO:输入用户名，真实姓名
[2017-12-04 17:45:44,260]-[log.py]-INFO:选择性别
[2017-12-04 17:45:44,311]-[log.py]-INFO:选择部门，角色
[2017-12-04 17:45:44,501]-[log.py]-INFO:输入密码，重复密码，邮箱
[2017-12-04 17:45:44,711]-[log.py]-INFO:点击保存
[2017-12-04 17:45:45,780]-[log.py]-INFO:获取url
[2017-12-04 17:45:46,846]-[log.py]-INFO:获取用户名错误提示文本
[2017-12-04 17:45:46,861]-[log.py]-INFO:获取姓名错误提示文本
[2017-12-04 17:45:46,862]-[log.py]-INFO:获取角色错误提示文本
[2017-12-04 17:45:46,862]-[log.py]-INFO:获取密码错误提示文本
[2017-12-04 17:45:46,862]-[log.py]-INFO:获取邮箱错误提示文本
[2017-12-04 17:46:18,086]-[log.py]-INFO:点击后台管理
[2017-12-04 17:46:18,272]-[log.py]-INFO:点击组织
[2017-12-04 17:46:20,358]-[log.py]-INFO:点击添加成员
[2017-12-04 17:46:20,750]-[log.py]-INFO:输入用户名，真实姓名
[2017-12-04 17:46:21,176]-[log.py]-INFO:选择性别
[2017-12-04 17:46:21,176]-[log.py]-INFO:选择部门，角色
[2017-12-04 17:46:21,316]-[log.py]-INFO:输入密码，重复密码，邮箱
[2017-12-04 17:46:21,520]-[log.py]-INFO:点击保存
[2017-12-04 17:46:22,587]-[log.py]-INFO:获取url
[2017-12-04 17:46:23,694]-[log.py]-INFO:获取用户名错误提示文本
[2017-12-04 17:46:23,726]-[log.py]-INFO:获取姓名错误提示文本
[2017-12-04 17:46:23,727]-[log.py]-INFO:获取角色错误提示文本
[2017-12-04 17:46:23,727]-[log.py]-INFO:获取密码错误提示文本
[2017-12-04 17:46:23,735]-[log.py]-INFO:获取邮箱错误提示文本
[2017-12-04 17:46:24,849]-[log.py]-INFO:点击后台管理
[2017-12-04 17:46:24,906]-[log.py]-INFO:点击组织
[2017-12-04 17:46:27,020]-[log.py]-INFO:点击添加成员
[2017-12-04 17:46:27,436]-[log.py]-INFO:输入用户名，真实姓名
[2017-12-04 17:46:27,849]-[log.py]-INFO:选择性别
[2017-12-04 17:46:27,888]-[log.py]-INFO:选择部门，角色
[2017-12-04 17:46:28,071]-[log.py]-INFO:输入密码，重复密码，邮箱
[2017-12-04 17:46:28,292]-[log.py]-INFO:点击保存
[2017-12-04 17:46:29,351]-[log.py]-INFO:获取url
[2017-12-04 17:46:30,434]-[log.py]-INFO:获取用户名错误提示文本
[2017-12-04 17:46:30,467]-[log.py]-INFO:获取姓名错误提示文本
[2017-12-04 17:46:30,468]-[log.py]-INFO:获取角色错误提示文本
[2017-12-04 17:46:30,468]-[log.py]-INFO:获取密码错误提示文本
[2017-12-04 17:46:30,468]-[log.py]-INFO:获取邮箱错误提示文本
[2017-12-04 17:46:31,581]-[log.py]-INFO:点击后台管理
[2017-12-04 17:46:31,633]-[log.py]-INFO:点击组织
[2017-12-04 17:46:31,902]-[log.py]-INFO:点击后台管理
[2017-12-04 17:46:32,032]-[log.py]-INFO:点击组织
[2017-12-04 17:46:33,737]-[log.py]-INFO:点击添加成员
[2017-12-04 17:46:34,109]-[log.py]-INFO:输入用户名，真实姓名
[2017-12-04 17:46:34,137]-[log.py]-INFO:点击添加成员
[2017-12-04 17:46:34,855]-[log.py]-INFO:选择性别
[2017-12-04 17:46:34,928]-[log.py]-INFO:选择部门，角色
[2017-12-04 17:46:34,946]-[log.py]-INFO:输入用户名，真实姓名
[2017-12-04 17:46:35,300]-[log.py]-INFO:输入密码，重复密码，邮箱
[2017-12-04 17:46:35,641]-[log.py]-INFO:点击保存
[2017-12-04 17:46:35,809]-[log.py]-INFO:选择性别
[2017-12-04 17:46:35,809]-[log.py]-INFO:选择部门，角色
[2017-12-04 17:46:35,987]-[log.py]-INFO:输入密码，重复密码，邮箱
[2017-12-04 17:46:36,218]-[log.py]-INFO:点击保存
[2017-12-04 17:46:36,736]-[log.py]-INFO:获取url
[2017-12-04 17:46:37,294]-[log.py]-INFO:获取url
[2017-12-04 17:46:37,813]-[log.py]-INFO:获取用户名错误提示文本
[2017-12-04 17:46:37,813]-[log.py]-INFO:获取姓名错误提示文本
[2017-12-04 17:46:37,827]-[log.py]-INFO:获取角色错误提示文本
[2017-12-04 17:46:37,827]-[log.py]-INFO:获取密码错误提示文本
[2017-12-04 17:46:37,828]-[log.py]-INFO:获取邮箱错误提示文本
[2017-12-04 17:46:38,389]-[log.py]-INFO:获取用户名错误提示文本
[2017-12-04 17:46:38,407]-[log.py]-INFO:获取姓名错误提示文本
[2017-12-04 17:46:38,408]-[log.py]-INFO:获取角色错误提示文本
[2017-12-04 17:46:38,409]-[log.py]-INFO:获取密码错误提示文本
[2017-12-04 17:46:38,409]-[log.py]-INFO:获取邮箱错误提示文本
[2017-12-04 17:46:38,937]-[log.py]-INFO:点击后台管理
[2017-12-04 17:46:38,988]-[log.py]-INFO:点击组织
[2017-12-04 17:46:39,519]-[log.py]-INFO:点击后台管理
[2017-12-04 17:46:39,589]-[log.py]-INFO:点击组织
[2017-12-04 17:46:41,098]-[log.py]-INFO:点击添加成员
[2017-12-04 17:46:41,466]-[log.py]-INFO:输入用户名，真实姓名
[2017-12-04 17:46:41,694]-[log.py]-INFO:点击添加成员
[2017-12-04 17:46:42,153]-[log.py]-INFO:选择性别
[2017-12-04 17:46:42,231]-[log.py]-INFO:选择部门，角色
[2017-12-04 17:46:42,388]-[log.py]-INFO:输入用户名，真实姓名
[2017-12-04 17:46:42,496]-[log.py]-INFO:输入密码，重复密码，邮箱
[2017-12-04 17:46:42,904]-[log.py]-INFO:点击保存
[2017-12-04 17:46:43,194]-[log.py]-INFO:选择性别
[2017-12-04 17:46:43,258]-[log.py]-INFO:选择部门，角色
[2017-12-04 17:46:43,468]-[log.py]-INFO:输入密码，重复密码，邮箱
[2017-12-04 17:46:43,853]-[log.py]-INFO:点击保存
[2017-12-04 17:46:44,058]-[log.py]-INFO:获取url
[2017-12-04 17:46:45,022]-[log.py]-INFO:获取url
[2017-12-04 17:46:45,139]-[log.py]-INFO:获取用户名错误提示文本
[2017-12-04 17:46:45,140]-[log.py]-INFO:获取姓名错误提示文本
[2017-12-04 17:46:45,140]-[log.py]-INFO:获取角色错误提示文本
[2017-12-04 17:46:45,154]-[log.py]-INFO:获取密码错误提示文本
[2017-12-04 17:46:45,154]-[log.py]-INFO:获取邮箱错误提示文本
[2017-12-04 17:46:46,101]-[log.py]-INFO:获取用户名错误提示文本
[2017-12-04 17:46:46,120]-[log.py]-INFO:获取姓名错误提示文本
[2017-12-04 17:46:46,121]-[log.py]-INFO:获取角色错误提示文本
[2017-12-04 17:46:46,121]-[log.py]-INFO:获取密码错误提示文本
[2017-12-04 17:46:46,121]-[log.py]-INFO:获取邮箱错误提示文本
[2017-12-04 17:46:46,262]-[log.py]-INFO:点击后台管理
[2017-12-04 17:46:46,340]-[log.py]-INFO:点击组织
[2017-12-04 17:46:47,229]-[log.py]-INFO:点击后台管理
[2017-12-04 17:46:47,297]-[log.py]-INFO:点击组织
[2017-12-04 17:46:48,419]-[log.py]-INFO:点击添加成员
[2017-12-04 17:46:48,785]-[log.py]-INFO:输入用户名，真实姓名
[2017-12-04 17:46:49,194]-[log.py]-INFO:选择性别
[2017-12-04 17:46:49,241]-[log.py]-INFO:选择部门，角色
[2017-12-04 17:46:49,361]-[log.py]-INFO:点击添加成员
[2017-12-04 17:46:49,518]-[log.py]-INFO:输入密码，重复密码，邮箱
[2017-12-04 17:46:49,910]-[log.py]-INFO:点击保存
[2017-12-04 17:46:50,082]-[log.py]-INFO:输入用户名，真实姓名
[2017-12-04 17:46:50,961]-[log.py]-INFO:获取url
[2017-12-04 17:46:50,978]-[log.py]-INFO:选择性别
[2017-12-04 17:46:51,039]-[log.py]-INFO:选择部门，角色
[2017-12-04 17:46:51,224]-[log.py]-INFO:输入密码，重复密码，邮箱
[2017-12-04 17:46:51,436]-[log.py]-INFO:点击保存
[2017-12-04 17:46:52,058]-[log.py]-INFO:获取用户名错误提示文本
[2017-12-04 17:46:52,059]-[log.py]-INFO:获取姓名错误提示文本
[2017-12-04 17:46:52,059]-[log.py]-INFO:获取角色错误提示文本
[2017-12-04 17:46:52,059]-[log.py]-INFO:获取密码错误提示文本
[2017-12-04 17:46:52,084]-[log.py]-INFO:获取邮箱错误提示文本
[2017-12-04 17:46:52,491]-[log.py]-INFO:获取url
[2017-12-04 17:46:53,187]-[log.py]-INFO:点击后台管理
[2017-12-04 17:46:53,252]-[log.py]-INFO:点击组织
[2017-12-04 17:46:53,578]-[log.py]-INFO:获取用户名错误提示文本
[2017-12-04 17:46:53,579]-[log.py]-INFO:获取姓名错误提示文本
[2017-12-04 17:46:53,598]-[log.py]-INFO:获取角色错误提示文本
[2017-12-04 17:46:53,599]-[log.py]-INFO:获取密码错误提示文本
[2017-12-04 17:46:53,599]-[log.py]-INFO:获取邮箱错误提示文本
[2017-12-04 17:46:54,706]-[log.py]-INFO:点击后台管理
[2017-12-04 17:46:54,748]-[log.py]-INFO:点击组织
[2017-12-04 17:46:55,327]-[log.py]-INFO:点击添加成员
[2017-12-04 17:46:55,702]-[log.py]-INFO:输入用户名，真实姓名
[2017-12-04 17:46:56,123]-[log.py]-INFO:选择性别
[2017-12-04 17:46:56,163]-[log.py]-INFO:选择部门，角色
[2017-12-04 17:46:56,356]-[log.py]-INFO:输入密码，重复密码，邮箱
[2017-12-04 17:46:56,557]-[log.py]-INFO:点击保存
[2017-12-04 17:46:56,891]-[log.py]-INFO:点击添加成员
[2017-12-04 17:46:57,307]-[log.py]-INFO:输入用户名，真实姓名
[2017-12-04 17:46:57,603]-[log.py]-INFO:获取url
[2017-12-04 17:46:57,827]-[log.py]-INFO:选择性别
[2017-12-04 17:46:57,894]-[log.py]-INFO:选择部门，角色
[2017-12-04 17:46:58,098]-[log.py]-INFO:输入密码，重复密码，邮箱
[2017-12-04 17:46:58,341]-[log.py]-INFO:点击保存
[2017-12-04 17:46:58,697]-[log.py]-INFO:获取用户名错误提示文本
[2017-12-04 17:46:58,698]-[log.py]-INFO:获取姓名错误提示文本
[2017-12-04 17:46:58,698]-[log.py]-INFO:获取角色错误提示文本
[2017-12-04 17:46:58,698]-[log.py]-INFO:获取密码错误提示文本
[2017-12-04 17:46:58,726]-[log.py]-INFO:获取邮箱错误提示文本
[2017-12-04 17:46:59,409]-[log.py]-INFO:获取url
[2017-12-04 17:46:59,831]-[log.py]-INFO:点击后台管理
[2017-12-04 17:46:59,874]-[log.py]-INFO:点击组织
[2017-12-04 17:47:00,502]-[log.py]-INFO:获取用户名错误提示文本
[2017-12-04 17:47:00,502]-[log.py]-INFO:获取姓名错误提示文本
[2017-12-04 17:47:00,503]-[log.py]-INFO:获取角色错误提示文本
[2017-12-04 17:47:00,518]-[log.py]-INFO:获取密码错误提示文本
[2017-12-04 17:47:00,518]-[log.py]-INFO:获取邮箱错误提示文本
[2017-12-04 17:47:01,625]-[log.py]-INFO:点击后台管理
[2017-12-04 17:47:01,726]-[log.py]-INFO:点击组织
[2017-12-04 17:47:01,959]-[log.py]-INFO:点击添加成员
[2017-12-04 17:47:02,396]-[log.py]-INFO:输入用户名，真实姓名
[2017-12-04 17:47:03,224]-[log.py]-INFO:选择性别
[2017-12-04 17:47:03,262]-[log.py]-INFO:选择部门，角色
[2017-12-04 17:47:03,454]-[log.py]-INFO:输入密码，重复密码，邮箱
[2017-12-04 17:47:03,706]-[log.py]-INFO:点击保存
[2017-12-04 17:47:03,817]-[log.py]-INFO:点击添加成员
[2017-12-04 17:47:04,786]-[log.py]-INFO:输入用户名，真实姓名
[2017-12-04 17:47:04,788]-[log.py]-INFO:获取url
[2017-12-04 17:47:05,700]-[log.py]-INFO:选择性别
[2017-12-04 17:47:05,740]-[log.py]-INFO:选择部门，角色
[2017-12-04 17:47:05,922]-[log.py]-INFO:获取用户名错误提示文本
[2017-12-04 17:47:05,923]-[log.py]-INFO:获取姓名错误提示文本
[2017-12-04 17:47:05,923]-[log.py]-INFO:获取角色错误提示文本
[2017-12-04 17:47:05,924]-[log.py]-INFO:获取密码错误提示文本
[2017-12-04 17:47:05,924]-[log.py]-INFO:获取邮箱错误提示文本
[2017-12-04 17:47:05,974]-[log.py]-INFO:输入密码，重复密码，邮箱
[2017-12-04 17:47:06,271]-[log.py]-INFO:点击保存
[2017-12-04 17:47:07,113]-[log.py]-INFO:点击后台管理
[2017-12-04 17:47:07,269]-[log.py]-INFO:点击组织
[2017-12-04 17:47:07,329]-[log.py]-INFO:获取url
[2017-12-04 17:47:08,422]-[log.py]-INFO:获取用户名错误提示文本
[2017-12-04 17:47:08,423]-[log.py]-INFO:获取姓名错误提示文本
[2017-12-04 17:47:08,424]-[log.py]-INFO:获取角色错误提示文本
[2017-12-04 17:47:08,424]-[log.py]-INFO:获取密码错误提示文本
[2017-12-04 17:47:08,467]-[log.py]-INFO:获取邮箱错误提示文本
[2017-12-04 17:47:09,351]-[log.py]-INFO:点击添加成员
[2017-12-04 17:47:09,601]-[log.py]-INFO:点击后台管理
[2017-12-04 17:47:09,711]-[log.py]-INFO:点击组织
[2017-12-04 17:47:09,880]-[log.py]-INFO:输入用户名，真实姓名
[2017-12-04 17:47:10,338]-[log.py]-INFO:选择性别
[2017-12-04 17:47:10,407]-[log.py]-INFO:选择部门，角色
[2017-12-04 17:47:10,647]-[log.py]-INFO:输入密码，重复密码，邮箱
[2017-12-04 17:47:11,081]-[log.py]-INFO:点击保存
[2017-12-04 17:47:11,821]-[log.py]-INFO:点击添加成员
[2017-12-04 17:47:12,153]-[log.py]-INFO:获取url
[2017-12-04 17:47:12,487]-[log.py]-INFO:输入用户名，真实姓名
[2017-12-04 17:47:12,927]-[log.py]-INFO:选择性别
[2017-12-04 17:47:12,978]-[log.py]-INFO:选择部门，角色
[2017-12-04 17:47:13,158]-[log.py]-INFO:输入密码，重复密码，邮箱
[2017-12-04 17:47:13,231]-[log.py]-INFO:获取用户名错误提示文本
[2017-12-04 17:47:13,260]-[log.py]-INFO:获取姓名错误提示文本
[2017-12-04 17:47:13,260]-[log.py]-INFO:获取角色错误提示文本
[2017-12-04 17:47:13,261]-[log.py]-INFO:获取密码错误提示文本
[2017-12-04 17:47:13,261]-[log.py]-INFO:获取邮箱错误提示文本
[2017-12-04 17:47:13,371]-[log.py]-INFO:点击保存
[2017-12-04 17:47:14,385]-[log.py]-INFO:点击后台管理
[2017-12-04 17:47:14,424]-[log.py]-INFO:获取url
[2017-12-04 17:47:14,439]-[log.py]-INFO:点击组织
[2017-12-04 17:47:15,503]-[log.py]-INFO:获取用户名错误提示文本
[2017-12-04 17:47:15,503]-[log.py]-INFO:获取姓名错误提示文本
[2017-12-04 17:47:15,504]-[log.py]-INFO:获取角色错误提示文本
[2017-12-04 17:47:15,504]-[log.py]-INFO:获取密码错误提示文本
[2017-12-04 17:47:15,535]-[log.py]-INFO:获取邮箱错误提示文本
[2017-12-04 17:47:16,504]-[log.py]-INFO:点击添加成员
[2017-12-04 17:47:16,658]-[log.py]-INFO:点击后台管理
[2017-12-04 17:47:16,745]-[log.py]-INFO:点击组织
[2017-12-04 17:47:16,911]-[log.py]-INFO:输入用户名，真实姓名
[2017-12-04 17:47:17,331]-[log.py]-INFO:选择性别
[2017-12-04 17:47:17,379]-[log.py]-INFO:选择部门，角色
[2017-12-04 17:47:17,567]-[log.py]-INFO:输入密码，重复密码，邮箱
[2017-12-04 17:47:17,968]-[log.py]-INFO:点击保存
[2017-12-04 17:47:18,818]-[log.py]-INFO:点击添加成员
[2017-12-04 17:47:19,050]-[log.py]-INFO:获取url
[2017-12-04 17:47:19,308]-[log.py]-INFO:输入用户名，真实姓名
[2017-12-04 17:47:19,839]-[log.py]-INFO:选择性别
[2017-12-04 17:47:19,886]-[log.py]-INFO:选择部门，角色
[2017-12-04 17:47:20,112]-[log.py]-INFO:输入密码，重复密码，邮箱
[2017-12-04 17:47:20,139]-[log.py]-INFO:获取用户名错误提示文本
[2017-12-04 17:47:20,176]-[log.py]-INFO:获取姓名错误提示文本
[2017-12-04 17:47:20,177]-[log.py]-INFO:获取角色错误提示文本
[2017-12-04 17:47:20,178]-[log.py]-INFO:获取密码错误提示文本
[2017-12-04 17:47:20,179]-[log.py]-INFO:获取邮箱错误提示文本
[2017-12-04 17:47:20,303]-[log.py]-INFO:点击保存
[2017-12-04 17:47:21,288]-[log.py]-INFO:点击后台管理
[2017-12-04 17:47:21,349]-[log.py]-INFO:点击组织
[2017-12-04 17:47:21,355]-[log.py]-INFO:获取url
[2017-12-04 17:47:22,418]-[log.py]-INFO:获取用户名错误提示文本
[2017-12-04 17:47:22,419]-[log.py]-INFO:获取姓名错误提示文本
[2017-12-04 17:47:22,419]-[log.py]-INFO:获取角色错误提示文本
[2017-12-04 17:47:22,419]-[log.py]-INFO:获取密码错误提示文本
[2017-12-04 17:47:22,420]-[log.py]-INFO:获取邮箱错误提示文本
[2017-12-04 17:47:23,404]-[log.py]-INFO:点击添加成员
[2017-12-04 17:47:23,563]-[log.py]-INFO:点击后台管理
[2017-12-04 17:47:23,713]-[log.py]-INFO:点击组织
[2017-12-04 17:47:23,917]-[log.py]-INFO:输入用户名，真实姓名
