[2017-11-26 17:45:21,828]-[log.py]-INFO:输入用户名
[2017-11-26 17:45:22,288]-[log.py]-INFO:输入密码
[2017-11-26 17:45:22,373]-[log.py]-INFO:登录然之协同
[2017-11-26 17:45:24,506]-[log.py]-INFO:输入用户名
[2017-11-26 17:45:24,603]-[log.py]-INFO:输入密码
[2017-11-26 17:45:24,659]-[log.py]-INFO:登录然之协同
[2017-11-26 17:45:26,692]-[log.py]-INFO:输入用户名
[2017-11-26 17:45:27,864]-[log.py]-INFO:输入密码
[2017-11-26 17:45:27,954]-[log.py]-INFO:登录然之协同
[2017-11-26 17:45:29,990]-[log.py]-INFO:输入用户名
[2017-11-26 17:45:30,061]-[log.py]-INFO:输入密码
[2017-11-26 17:45:30,122]-[log.py]-INFO:登录然之协同
[2017-11-26 17:45:32,175]-[log.py]-INFO:输入用户名
[2017-11-26 17:45:32,230]-[log.py]-INFO:输入密码
[2017-11-26 17:45:32,319]-[log.py]-INFO:登录然之协同
[2017-11-26 17:45:34,387]-[log.py]-INFO:输入用户名
[2017-11-26 17:45:34,475]-[log.py]-INFO:输入密码
[2017-11-26 17:45:34,547]-[log.py]-INFO:登录然之协同
[2017-11-26 17:45:36,594]-[log.py]-INFO:输入用户名
[2017-11-26 17:45:36,667]-[log.py]-INFO:输入密码
[2017-11-26 17:45:36,737]-[log.py]-INFO:登录然之协同
[2017-11-26 17:45:38,820]-[log.py]-INFO:输入用户名
[2017-11-26 17:45:38,903]-[log.py]-INFO:输入密码
[2017-11-26 17:45:38,959]-[log.py]-INFO:登录然之协同
[2017-11-26 17:49:49,762]-[log.py]-INFO:点击后台管理
[2017-11-26 17:49:49,949]-[log.py]-INFO:点击组织
[2017-11-26 17:49:52,041]-[log.py]-INFO:点击添加成员
[2017-11-26 17:49:52,766]-[log.py]-INFO:输入用户名，真实姓名
[2017-11-26 17:49:53,282]-[log.py]-INFO:选择性别
[2017-11-26 17:49:53,284]-[log.py]-INFO:选择部门，角色
[2017-11-26 17:49:53,431]-[log.py]-INFO:输入密码，重复密码，邮箱
[2017-11-26 17:49:53,598]-[log.py]-INFO:点击保存
[2017-11-26 17:49:54,662]-[log.py]-INFO:获取url
[2017-11-26 17:49:55,748]-[log.py]-INFO:获取用户名错误提示文本
[2017-11-26 17:49:55,768]-[log.py]-INFO:获取姓名错误提示文本
[2017-11-26 17:49:55,768]-[log.py]-INFO:获取角色错误提示文本
[2017-11-26 17:49:55,769]-[log.py]-INFO:获取密码错误提示文本
[2017-11-26 17:49:55,769]-[log.py]-INFO:获取邮箱错误提示文本
[2017-11-26 17:49:56,880]-[log.py]-INFO:点击后台管理
[2017-11-26 17:49:56,951]-[log.py]-INFO:点击组织
[2017-11-26 17:49:59,003]-[log.py]-INFO:点击添加成员
[2017-11-26 17:49:59,395]-[log.py]-INFO:输入用户名，真实姓名
[2017-11-26 17:49:59,839]-[log.py]-INFO:选择性别
[2017-11-26 17:49:59,879]-[log.py]-INFO:选择部门，角色
[2017-11-26 17:50:00,065]-[log.py]-INFO:输入密码，重复密码，邮箱
[2017-11-26 17:50:00,271]-[log.py]-INFO:点击保存
[2017-11-26 17:50:01,352]-[log.py]-INFO:获取url
[2017-11-26 17:50:02,421]-[log.py]-INFO:获取用户名错误提示文本
[2017-11-26 17:50:02,446]-[log.py]-INFO:获取姓名错误提示文本
[2017-11-26 17:50:02,447]-[log.py]-INFO:获取角色错误提示文本
[2017-11-26 17:50:02,448]-[log.py]-INFO:获取密码错误提示文本
[2017-11-26 17:50:02,449]-[log.py]-INFO:获取邮箱错误提示文本
[2017-11-26 17:50:03,575]-[log.py]-INFO:点击后台管理
[2017-11-26 17:50:03,646]-[log.py]-INFO:点击组织
[2017-11-26 17:50:05,710]-[log.py]-INFO:点击添加成员
[2017-11-26 17:50:06,105]-[log.py]-INFO:输入用户名，真实姓名
[2017-11-26 17:50:06,573]-[log.py]-INFO:选择性别
[2017-11-26 17:50:06,623]-[log.py]-INFO:选择部门，角色
[2017-11-26 17:50:06,849]-[log.py]-INFO:输入密码，重复密码，邮箱
[2017-11-26 17:50:07,048]-[log.py]-INFO:点击保存
[2017-11-26 17:50:08,114]-[log.py]-INFO:获取url
[2017-11-26 17:50:09,199]-[log.py]-INFO:获取用户名错误提示文本
[2017-11-26 17:50:09,200]-[log.py]-INFO:获取姓名错误提示文本
[2017-11-26 17:50:09,222]-[log.py]-INFO:获取角色错误提示文本
[2017-11-26 17:50:09,223]-[log.py]-INFO:获取密码错误提示文本
[2017-11-26 17:50:09,224]-[log.py]-INFO:获取邮箱错误提示文本
[2017-11-26 17:50:10,354]-[log.py]-INFO:点击后台管理
[2017-11-26 17:50:10,422]-[log.py]-INFO:点击组织
[2017-11-26 17:50:12,477]-[log.py]-INFO:点击添加成员
[2017-11-26 17:50:12,849]-[log.py]-INFO:输入用户名，真实姓名
[2017-11-26 17:50:13,328]-[log.py]-INFO:选择性别
[2017-11-26 17:50:13,378]-[log.py]-INFO:选择部门，角色
[2017-11-26 17:50:13,535]-[log.py]-INFO:输入密码，重复密码，邮箱
[2017-11-26 17:50:13,764]-[log.py]-INFO:点击保存
[2017-11-26 17:50:14,834]-[log.py]-INFO:获取url
[2017-11-26 17:50:15,940]-[log.py]-INFO:获取用户名错误提示文本
[2017-11-26 17:50:15,941]-[log.py]-INFO:获取姓名错误提示文本
[2017-11-26 17:50:15,941]-[log.py]-INFO:获取角色错误提示文本
[2017-11-26 17:50:15,966]-[log.py]-INFO:获取密码错误提示文本
[2017-11-26 17:50:15,967]-[log.py]-INFO:获取邮箱错误提示文本
[2017-11-26 17:50:17,071]-[log.py]-INFO:点击后台管理
[2017-11-26 17:50:17,144]-[log.py]-INFO:点击组织
[2017-11-26 17:50:19,214]-[log.py]-INFO:点击添加成员
[2017-11-26 17:50:19,598]-[log.py]-INFO:输入用户名，真实姓名
[2017-11-26 17:50:20,066]-[log.py]-INFO:选择性别
[2017-11-26 17:50:20,104]-[log.py]-INFO:选择部门，角色
[2017-11-26 17:50:20,301]-[log.py]-INFO:输入密码，重复密码，邮箱
[2017-11-26 17:50:20,499]-[log.py]-INFO:点击保存
[2017-11-26 17:50:21,566]-[log.py]-INFO:获取url
[2017-11-26 17:50:22,651]-[log.py]-INFO:获取用户名错误提示文本
[2017-11-26 17:50:22,652]-[log.py]-INFO:获取姓名错误提示文本
[2017-11-26 17:50:22,652]-[log.py]-INFO:获取角色错误提示文本
[2017-11-26 17:50:22,653]-[log.py]-INFO:获取密码错误提示文本
[2017-11-26 17:50:22,678]-[log.py]-INFO:获取邮箱错误提示文本
[2017-11-26 17:50:23,787]-[log.py]-INFO:点击后台管理
[2017-11-26 17:50:23,855]-[log.py]-INFO:点击组织
[2017-11-26 17:50:25,932]-[log.py]-INFO:点击添加成员
[2017-11-26 17:50:26,326]-[log.py]-INFO:输入用户名，真实姓名
[2017-11-26 17:50:26,828]-[log.py]-INFO:选择性别
[2017-11-26 17:50:26,876]-[log.py]-INFO:选择部门，角色
[2017-11-26 17:50:27,060]-[log.py]-INFO:输入密码，重复密码，邮箱
[2017-11-26 17:50:27,255]-[log.py]-INFO:点击保存
[2017-11-26 17:50:28,323]-[log.py]-INFO:获取url
[2017-11-26 17:50:29,404]-[log.py]-INFO:获取用户名错误提示文本
[2017-11-26 17:50:29,405]-[log.py]-INFO:获取姓名错误提示文本
[2017-11-26 17:50:29,406]-[log.py]-INFO:获取角色错误提示文本
[2017-11-26 17:50:29,406]-[log.py]-INFO:获取密码错误提示文本
[2017-11-26 17:50:29,430]-[log.py]-INFO:获取邮箱错误提示文本
[2017-11-26 17:50:30,545]-[log.py]-INFO:点击后台管理
[2017-11-26 17:50:30,600]-[log.py]-INFO:点击组织
[2017-11-26 17:50:32,645]-[log.py]-INFO:点击添加成员
[2017-11-26 17:50:33,051]-[log.py]-INFO:输入用户名，真实姓名
[2017-11-26 17:50:33,484]-[log.py]-INFO:选择性别
[2017-11-26 17:50:33,526]-[log.py]-INFO:选择部门，角色
[2017-11-26 17:50:33,710]-[log.py]-INFO:输入密码，重复密码，邮箱
[2017-11-26 17:50:33,854]-[log.py]-INFO:点击保存
[2017-11-26 17:50:34,909]-[log.py]-INFO:获取url
[2017-11-26 17:50:35,971]-[log.py]-INFO:获取用户名错误提示文本
[2017-11-26 17:50:35,971]-[log.py]-INFO:获取姓名错误提示文本
[2017-11-26 17:50:35,972]-[log.py]-INFO:获取角色错误提示文本
[2017-11-26 17:50:35,973]-[log.py]-INFO:获取密码错误提示文本
[2017-11-26 17:50:35,973]-[log.py]-INFO:获取邮箱错误提示文本
[2017-11-26 17:50:37,108]-[log.py]-INFO:点击后台管理
[2017-11-26 17:50:37,158]-[log.py]-INFO:点击组织
[2017-11-26 17:50:39,222]-[log.py]-INFO:点击添加成员
[2017-11-26 17:50:39,746]-[log.py]-INFO:输入用户名，真实姓名
[2017-11-26 17:50:40,183]-[log.py]-INFO:选择性别
[2017-11-26 17:50:40,241]-[log.py]-INFO:选择部门，角色
[2017-11-26 17:50:40,433]-[log.py]-INFO:输入密码，重复密码，邮箱
[2017-11-26 17:50:40,610]-[log.py]-INFO:点击保存
[2017-11-26 17:50:41,655]-[log.py]-INFO:获取url
[2017-11-26 17:50:42,784]-[log.py]-INFO:获取用户名错误提示文本
[2017-11-26 17:50:42,812]-[log.py]-INFO:获取姓名错误提示文本
[2017-11-26 17:50:42,813]-[log.py]-INFO:获取角色错误提示文本
[2017-11-26 17:50:42,814]-[log.py]-INFO:获取密码错误提示文本
[2017-11-26 17:50:42,814]-[log.py]-INFO:获取邮箱错误提示文本
[2017-11-26 17:50:43,924]-[log.py]-INFO:点击后台管理
[2017-11-26 17:50:43,983]-[log.py]-INFO:点击组织
[2017-11-26 17:50:46,042]-[log.py]-INFO:点击添加成员
[2017-11-26 17:50:46,361]-[log.py]-INFO:输入用户名，真实姓名
[2017-11-26 17:50:46,722]-[log.py]-INFO:选择性别
[2017-11-26 17:50:46,766]-[log.py]-INFO:选择部门，角色
[2017-11-26 17:50:46,945]-[log.py]-INFO:输入密码，重复密码，邮箱
[2017-11-26 17:50:47,096]-[log.py]-INFO:点击保存
[2017-11-26 17:50:48,145]-[log.py]-INFO:获取url
[2017-11-26 17:50:49,220]-[log.py]-INFO:获取用户名错误提示文本
[2017-11-26 17:50:49,243]-[log.py]-INFO:获取姓名错误提示文本
[2017-11-26 17:50:49,244]-[log.py]-INFO:获取角色错误提示文本
[2017-11-26 17:50:49,244]-[log.py]-INFO:获取密码错误提示文本
[2017-11-26 17:50:49,245]-[log.py]-INFO:获取邮箱错误提示文本
[2017-11-26 17:50:50,354]-[log.py]-INFO:点击后台管理
[2017-11-26 17:50:50,427]-[log.py]-INFO:点击组织
[2017-11-26 17:50:52,496]-[log.py]-INFO:点击添加成员
[2017-11-26 17:50:52,796]-[log.py]-INFO:输入用户名，真实姓名
[2017-11-26 17:50:53,183]-[log.py]-INFO:选择性别
[2017-11-26 17:50:53,226]-[log.py]-INFO:选择部门，角色
[2017-11-26 17:50:53,439]-[log.py]-INFO:输入密码，重复密码，邮箱
[2017-11-26 17:50:53,660]-[log.py]-INFO:点击保存
[2017-11-26 17:50:54,704]-[log.py]-INFO:获取url
[2017-11-26 17:50:55,794]-[log.py]-INFO:获取用户名错误提示文本
[2017-11-26 17:50:55,794]-[log.py]-INFO:获取姓名错误提示文本
[2017-11-26 17:50:55,795]-[log.py]-INFO:获取角色错误提示文本
[2017-11-26 17:50:55,796]-[log.py]-INFO:获取密码错误提示文本
[2017-11-26 17:50:55,796]-[log.py]-INFO:获取邮箱错误提示文本
[2017-11-26 17:50:56,932]-[log.py]-INFO:点击后台管理
[2017-11-26 17:50:56,997]-[log.py]-INFO:点击组织
[2017-11-26 17:50:59,063]-[log.py]-INFO:点击添加成员
[2017-11-26 17:50:59,382]-[log.py]-INFO:输入用户名，真实姓名
[2017-11-26 17:50:59,817]-[log.py]-INFO:选择性别
[2017-11-26 17:50:59,868]-[log.py]-INFO:选择部门，角色
[2017-11-26 17:51:00,106]-[log.py]-INFO:输入密码，重复密码，邮箱
[2017-11-26 17:51:00,279]-[log.py]-INFO:点击保存
[2017-11-26 17:51:01,332]-[log.py]-INFO:获取url
[2017-11-26 17:51:02,439]-[log.py]-INFO:获取用户名错误提示文本
[2017-11-26 17:51:02,464]-[log.py]-INFO:获取姓名错误提示文本
[2017-11-26 17:51:02,465]-[log.py]-INFO:获取角色错误提示文本
[2017-11-26 17:51:02,466]-[log.py]-INFO:获取密码错误提示文本
[2017-11-26 17:51:02,467]-[log.py]-INFO:获取邮箱错误提示文本
[2017-11-26 17:56:55,081]-[log.py]-INFO:点击项目
[2017-11-26 17:56:56,185]-[log.py]-INFO:点击添加区块
[2017-11-26 17:56:58,660]-[log.py]-INFO:输入任务区块名称
[2017-11-26 17:56:58,847]-[log.py]-INFO:编辑外观
[2017-11-26 17:56:59,246]-[log.py]-INFO:编辑类型
[2017-11-26 17:56:59,510]-[log.py]-INFO:编辑数量
[2017-11-26 17:56:59,666]-[log.py]-INFO:编辑排序
[2017-11-26 17:56:59,910]-[log.py]-INFO:编辑任务状态
[2017-11-26 17:57:00,112]-[log.py]-INFO:点击保存
[2017-11-26 18:05:11,399]-[log.py]-INFO:点击文档
[2017-11-26 18:05:12,571]-[log.py]-INFO:点击首页
[2017-11-26 18:05:12,661]-[log.py]-INFO:点击我的项目库
[2017-11-26 18:05:13,327]-[log.py]-INFO:选择所属分类
[2017-11-26 18:05:15,810]-[log.py]-INFO:选择授权用户
[2017-11-26 18:05:16,176]-[log.py]-INFO:选择授权分组
[2017-11-26 18:05:16,307]-[log.py]-INFO:输入文档标题
[2017-11-26 18:05:16,480]-[log.py]-INFO:点击段落
[2017-11-26 18:05:16,734]-[log.py]-INFO:输入文档正文
[2017-11-26 18:05:16,811]-[log.py]-INFO:输入关键字
[2017-11-26 18:05:16,878]-[log.py]-INFO:输入文档摘要
[2017-11-26 18:05:17,057]-[log.py]-INFO:上传附件
