[2017-11-28 14:59:29,330]-[log.py]-INFO:点击后台管理
[2017-11-28 14:59:29,444]-[log.py]-INFO:点击组织
[2017-11-28 14:59:31,550]-[log.py]-INFO:点击添加成员
[2017-11-28 14:59:32,296]-[log.py]-INFO:输入用户名，真实姓名
[2017-11-28 14:59:32,788]-[log.py]-INFO:选择性别
[2017-11-28 14:59:32,789]-[log.py]-INFO:选择部门，角色
[2017-11-28 14:59:32,931]-[log.py]-INFO:输入密码，重复密码，邮箱
[2017-11-28 14:59:33,433]-[log.py]-INFO:点击保存
[2017-11-28 14:59:34,490]-[log.py]-INFO:获取url
[2017-11-28 14:59:35,551]-[log.py]-INFO:获取用户名错误提示文本
[2017-11-28 14:59:35,570]-[log.py]-INFO:获取姓名错误提示文本
[2017-11-28 14:59:35,571]-[log.py]-INFO:获取角色错误提示文本
[2017-11-28 14:59:35,571]-[log.py]-INFO:获取密码错误提示文本
[2017-11-28 14:59:35,572]-[log.py]-INFO:获取邮箱错误提示文本
[2017-11-28 14:59:36,681]-[log.py]-INFO:点击后台管理
[2017-11-28 14:59:36,744]-[log.py]-INFO:点击组织
[2017-11-28 14:59:38,804]-[log.py]-INFO:点击添加成员
[2017-11-28 14:59:39,116]-[log.py]-INFO:输入用户名，真实姓名
[2017-11-28 14:59:39,587]-[log.py]-INFO:选择性别
[2017-11-28 14:59:39,643]-[log.py]-INFO:选择部门，角色
[2017-11-28 14:59:39,852]-[log.py]-INFO:输入密码，重复密码，邮箱
[2017-11-28 14:59:40,061]-[log.py]-INFO:点击保存
[2017-11-28 14:59:41,130]-[log.py]-INFO:获取url
[2017-11-28 14:59:42,228]-[log.py]-INFO:获取用户名错误提示文本
[2017-11-28 14:59:42,253]-[log.py]-INFO:获取姓名错误提示文本
[2017-11-28 14:59:42,253]-[log.py]-INFO:获取角色错误提示文本
[2017-11-28 14:59:42,254]-[log.py]-INFO:获取密码错误提示文本
[2017-11-28 14:59:42,255]-[log.py]-INFO:获取邮箱错误提示文本
[2017-11-28 14:59:43,365]-[log.py]-INFO:点击后台管理
[2017-11-28 14:59:43,431]-[log.py]-INFO:点击组织
[2017-11-28 14:59:45,509]-[log.py]-INFO:点击添加成员
[2017-11-28 14:59:45,889]-[log.py]-INFO:输入用户名，真实姓名
[2017-11-28 14:59:46,369]-[log.py]-INFO:选择性别
[2017-11-28 14:59:46,428]-[log.py]-INFO:选择部门，角色
[2017-11-28 14:59:46,622]-[log.py]-INFO:输入密码，重复密码，邮箱
[2017-11-28 14:59:46,843]-[log.py]-INFO:点击保存
[2017-11-28 14:59:47,903]-[log.py]-INFO:获取url
[2017-11-28 14:59:48,988]-[log.py]-INFO:获取用户名错误提示文本
[2017-11-28 14:59:48,989]-[log.py]-INFO:获取姓名错误提示文本
[2017-11-28 14:59:49,017]-[log.py]-INFO:获取角色错误提示文本
[2017-11-28 14:59:49,017]-[log.py]-INFO:获取密码错误提示文本
[2017-11-28 14:59:49,018]-[log.py]-INFO:获取邮箱错误提示文本
[2017-11-28 14:59:50,128]-[log.py]-INFO:点击后台管理
[2017-11-28 14:59:50,180]-[log.py]-INFO:点击组织
[2017-11-28 14:59:52,247]-[log.py]-INFO:点击添加成员
[2017-11-28 14:59:52,543]-[log.py]-INFO:输入用户名，真实姓名
[2017-11-28 14:59:53,010]-[log.py]-INFO:选择性别
[2017-11-28 14:59:53,053]-[log.py]-INFO:选择部门，角色
[2017-11-28 14:59:53,219]-[log.py]-INFO:输入密码，重复密码，邮箱
[2017-11-28 14:59:53,434]-[log.py]-INFO:点击保存
[2017-11-28 14:59:54,503]-[log.py]-INFO:获取url
[2017-11-28 14:59:55,613]-[log.py]-INFO:获取用户名错误提示文本
[2017-11-28 14:59:55,614]-[log.py]-INFO:获取姓名错误提示文本
[2017-11-28 14:59:55,615]-[log.py]-INFO:获取角色错误提示文本
[2017-11-28 14:59:55,638]-[log.py]-INFO:获取密码错误提示文本
[2017-11-28 14:59:55,639]-[log.py]-INFO:获取邮箱错误提示文本
[2017-11-28 14:59:56,750]-[log.py]-INFO:点击后台管理
[2017-11-28 14:59:56,822]-[log.py]-INFO:点击组织
[2017-11-28 14:59:58,886]-[log.py]-INFO:点击添加成员
[2017-11-28 14:59:59,283]-[log.py]-INFO:输入用户名，真实姓名
[2017-11-28 14:59:59,701]-[log.py]-INFO:选择性别
[2017-11-28 14:59:59,753]-[log.py]-INFO:选择部门，角色
[2017-11-28 14:59:59,973]-[log.py]-INFO:输入密码，重复密码，邮箱
[2017-11-28 15:00:00,203]-[log.py]-INFO:点击保存
[2017-11-28 15:00:01,260]-[log.py]-INFO:获取url
[2017-11-28 15:00:02,342]-[log.py]-INFO:获取用户名错误提示文本
[2017-11-28 15:00:02,342]-[log.py]-INFO:获取姓名错误提示文本
[2017-11-28 15:00:02,343]-[log.py]-INFO:获取角色错误提示文本
[2017-11-28 15:00:02,344]-[log.py]-INFO:获取密码错误提示文本
[2017-11-28 15:00:02,435]-[log.py]-INFO:获取邮箱错误提示文本
[2017-11-28 15:00:03,549]-[log.py]-INFO:点击后台管理
[2017-11-28 15:00:03,593]-[log.py]-INFO:点击组织
[2017-11-28 15:00:05,685]-[log.py]-INFO:点击添加成员
[2017-11-28 15:00:06,042]-[log.py]-INFO:输入用户名，真实姓名
[2017-11-28 15:00:06,492]-[log.py]-INFO:选择性别
[2017-11-28 15:00:06,541]-[log.py]-INFO:选择部门，角色
[2017-11-28 15:00:06,856]-[log.py]-INFO:输入密码，重复密码，邮箱
[2017-11-28 15:00:07,065]-[log.py]-INFO:点击保存
[2017-11-28 15:00:08,132]-[log.py]-INFO:获取url
[2017-11-28 15:00:09,228]-[log.py]-INFO:获取用户名错误提示文本
[2017-11-28 15:00:09,229]-[log.py]-INFO:获取姓名错误提示文本
[2017-11-28 15:00:09,230]-[log.py]-INFO:获取角色错误提示文本
[2017-11-28 15:00:09,230]-[log.py]-INFO:获取密码错误提示文本
[2017-11-28 15:00:09,247]-[log.py]-INFO:获取邮箱错误提示文本
[2017-11-28 15:00:10,355]-[log.py]-INFO:点击后台管理
[2017-11-28 15:00:10,419]-[log.py]-INFO:点击组织
[2017-11-28 15:00:12,524]-[log.py]-INFO:点击添加成员
[2017-11-28 15:00:12,865]-[log.py]-INFO:输入用户名，真实姓名
[2017-11-28 15:00:13,302]-[log.py]-INFO:选择性别
[2017-11-28 15:00:13,354]-[log.py]-INFO:选择部门，角色
[2017-11-28 15:00:13,555]-[log.py]-INFO:输入密码，重复密码，邮箱
[2017-11-28 15:00:13,786]-[log.py]-INFO:点击保存
[2017-11-28 15:00:14,851]-[log.py]-INFO:获取url
[2017-11-28 15:00:15,961]-[log.py]-INFO:获取用户名错误提示文本
[2017-11-28 15:00:15,962]-[log.py]-INFO:获取姓名错误提示文本
[2017-11-28 15:00:15,963]-[log.py]-INFO:获取角色错误提示文本
[2017-11-28 15:00:15,963]-[log.py]-INFO:获取密码错误提示文本
[2017-11-28 15:00:15,964]-[log.py]-INFO:获取邮箱错误提示文本
[2017-11-28 15:00:17,091]-[log.py]-INFO:点击后台管理
[2017-11-28 15:00:17,159]-[log.py]-INFO:点击组织
[2017-11-28 15:00:19,277]-[log.py]-INFO:点击添加成员
[2017-11-28 15:00:19,618]-[log.py]-INFO:输入用户名，真实姓名
[2017-11-28 15:00:20,045]-[log.py]-INFO:选择性别
[2017-11-28 15:00:20,092]-[log.py]-INFO:选择部门，角色
[2017-11-28 15:00:20,297]-[log.py]-INFO:输入密码，重复密码，邮箱
[2017-11-28 15:00:20,543]-[log.py]-INFO:点击保存
[2017-11-28 15:00:21,601]-[log.py]-INFO:获取url
[2017-11-28 15:00:22,709]-[log.py]-INFO:获取用户名错误提示文本
[2017-11-28 15:00:22,725]-[log.py]-INFO:获取姓名错误提示文本
[2017-11-28 15:00:22,725]-[log.py]-INFO:获取角色错误提示文本
[2017-11-28 15:00:22,726]-[log.py]-INFO:获取密码错误提示文本
[2017-11-28 15:00:22,726]-[log.py]-INFO:获取邮箱错误提示文本
[2017-11-28 15:00:23,834]-[log.py]-INFO:点击后台管理
[2017-11-28 15:00:23,913]-[log.py]-INFO:点击组织
[2017-11-28 15:00:25,997]-[log.py]-INFO:点击添加成员
[2017-11-28 15:00:26,377]-[log.py]-INFO:输入用户名，真实姓名
[2017-11-28 15:00:26,834]-[log.py]-INFO:选择性别
[2017-11-28 15:00:26,882]-[log.py]-INFO:选择部门，角色
[2017-11-28 15:00:27,080]-[log.py]-INFO:输入密码，重复密码，邮箱
[2017-11-28 15:00:27,282]-[log.py]-INFO:点击保存
[2017-11-28 15:00:28,368]-[log.py]-INFO:获取url
[2017-11-28 15:00:29,464]-[log.py]-INFO:获取用户名错误提示文本
[2017-11-28 15:00:29,485]-[log.py]-INFO:获取姓名错误提示文本
[2017-11-28 15:00:29,485]-[log.py]-INFO:获取角色错误提示文本
[2017-11-28 15:00:29,486]-[log.py]-INFO:获取密码错误提示文本
[2017-11-28 15:00:29,487]-[log.py]-INFO:获取邮箱错误提示文本
[2017-11-28 15:00:30,593]-[log.py]-INFO:点击后台管理
[2017-11-28 15:00:30,645]-[log.py]-INFO:点击组织
[2017-11-28 15:00:32,736]-[log.py]-INFO:点击添加成员
[2017-11-28 15:00:33,100]-[log.py]-INFO:输入用户名，真实姓名
[2017-11-28 15:00:33,486]-[log.py]-INFO:选择性别
[2017-11-28 15:00:33,534]-[log.py]-INFO:选择部门，角色
[2017-11-28 15:00:33,737]-[log.py]-INFO:输入密码，重复密码，邮箱
[2017-11-28 15:00:33,943]-[log.py]-INFO:点击保存
[2017-11-28 15:00:35,010]-[log.py]-INFO:获取url
[2017-11-28 15:00:36,104]-[log.py]-INFO:获取用户名错误提示文本
[2017-11-28 15:00:36,105]-[log.py]-INFO:获取姓名错误提示文本
[2017-11-28 15:00:36,105]-[log.py]-INFO:获取角色错误提示文本
[2017-11-28 15:00:36,106]-[log.py]-INFO:获取密码错误提示文本
[2017-11-28 15:00:36,107]-[log.py]-INFO:获取邮箱错误提示文本
[2017-11-28 15:00:37,232]-[log.py]-INFO:点击后台管理
[2017-11-28 15:00:37,298]-[log.py]-INFO:点击组织
[2017-11-28 15:00:39,361]-[log.py]-INFO:点击添加成员
[2017-11-28 15:00:39,725]-[log.py]-INFO:输入用户名，真实姓名
[2017-11-28 15:00:40,159]-[log.py]-INFO:选择性别
[2017-11-28 15:00:40,211]-[log.py]-INFO:选择部门，角色
[2017-11-28 15:00:40,416]-[log.py]-INFO:输入密码，重复密码，邮箱
[2017-11-28 15:00:40,624]-[log.py]-INFO:点击保存
[2017-11-28 15:00:41,699]-[log.py]-INFO:获取url
[2017-11-28 15:00:42,808]-[log.py]-INFO:获取用户名错误提示文本
[2017-11-28 15:00:42,831]-[log.py]-INFO:获取姓名错误提示文本
[2017-11-28 15:00:42,832]-[log.py]-INFO:获取角色错误提示文本
[2017-11-28 15:00:42,832]-[log.py]-INFO:获取密码错误提示文本
[2017-11-28 15:00:42,833]-[log.py]-INFO:获取邮箱错误提示文本
[2017-11-28 16:14:24,960]-[log.py]-INFO:输入用户名
[2017-11-28 16:14:26,514]-[log.py]-INFO:输入密码
[2017-11-28 16:14:26,636]-[log.py]-INFO:登录然之协同
[2017-11-28 16:14:28,709]-[log.py]-INFO:输入用户名
[2017-11-28 16:14:28,798]-[log.py]-INFO:输入密码
[2017-11-28 16:14:28,879]-[log.py]-INFO:登录然之协同
[2017-11-28 16:14:30,938]-[log.py]-INFO:输入用户名
[2017-11-28 16:14:31,019]-[log.py]-INFO:输入密码
[2017-11-28 16:14:31,187]-[log.py]-INFO:登录然之协同
[2017-11-28 16:14:33,211]-[log.py]-INFO:输入用户名
[2017-11-28 16:14:33,817]-[log.py]-INFO:输入密码
[2017-11-28 16:14:33,898]-[log.py]-INFO:登录然之协同
[2017-11-28 16:14:35,922]-[log.py]-INFO:输入用户名
[2017-11-28 16:14:35,987]-[log.py]-INFO:输入密码
[2017-11-28 16:14:36,053]-[log.py]-INFO:登录然之协同
[2017-11-28 16:14:38,130]-[log.py]-INFO:输入用户名
[2017-11-28 16:14:38,223]-[log.py]-INFO:输入密码
[2017-11-28 16:14:38,299]-[log.py]-INFO:登录然之协同
[2017-11-28 16:14:40,332]-[log.py]-INFO:输入用户名
[2017-11-28 16:14:40,427]-[log.py]-INFO:输入密码
[2017-11-28 16:14:40,506]-[log.py]-INFO:登录然之协同
[2017-11-28 16:14:42,538]-[log.py]-INFO:输入用户名
[2017-11-28 16:14:42,625]-[log.py]-INFO:输入密码
[2017-11-28 16:14:42,710]-[log.py]-INFO:登录然之协同
[2017-11-28 16:15:58,934]-[log.py]-INFO:输入用户名
[2017-11-28 16:15:59,263]-[log.py]-INFO:输入密码
[2017-11-28 16:15:59,430]-[log.py]-INFO:登录然之协同
[2017-11-28 16:16:01,542]-[log.py]-INFO:输入用户名
[2017-11-28 16:16:01,654]-[log.py]-INFO:输入密码
[2017-11-28 16:16:01,707]-[log.py]-INFO:登录然之协同
[2017-11-28 16:16:03,743]-[log.py]-INFO:输入用户名
[2017-11-28 16:16:03,830]-[log.py]-INFO:输入密码
[2017-11-28 16:16:03,910]-[log.py]-INFO:登录然之协同
[2017-11-28 16:16:05,935]-[log.py]-INFO:输入用户名
[2017-11-28 16:16:06,030]-[log.py]-INFO:输入密码
[2017-11-28 16:16:06,113]-[log.py]-INFO:登录然之协同
[2017-11-28 16:16:08,145]-[log.py]-INFO:输入用户名
[2017-11-28 16:16:08,216]-[log.py]-INFO:输入密码
[2017-11-28 16:16:08,298]-[log.py]-INFO:登录然之协同
[2017-11-28 16:16:10,328]-[log.py]-INFO:输入用户名
[2017-11-28 16:16:10,423]-[log.py]-INFO:输入密码
[2017-11-28 16:16:10,515]-[log.py]-INFO:登录然之协同
[2017-11-28 16:16:12,539]-[log.py]-INFO:输入用户名
[2017-11-28 16:16:12,630]-[log.py]-INFO:输入密码
[2017-11-28 16:16:12,707]-[log.py]-INFO:登录然之协同
[2017-11-28 16:16:14,746]-[log.py]-INFO:输入用户名
[2017-11-28 16:16:14,839]-[log.py]-INFO:输入密码
[2017-11-28 16:16:14,910]-[log.py]-INFO:登录然之协同
[2017-11-28 16:17:27,204]-[log.py]-INFO:点击项目
[2017-11-28 16:17:28,344]-[log.py]-INFO:点击添加区块
[2017-11-28 16:17:30,774]-[log.py]-INFO:输入任务区块名称
[2017-11-28 16:17:31,181]-[log.py]-INFO:编辑外观
[2017-11-28 16:17:31,504]-[log.py]-INFO:编辑类型
[2017-11-28 16:17:31,670]-[log.py]-INFO:编辑数量
[2017-11-28 16:17:31,819]-[log.py]-INFO:编辑排序
[2017-11-28 16:17:32,047]-[log.py]-INFO:编辑任务状态
[2017-11-28 16:17:32,244]-[log.py]-INFO:点击保存
[2017-11-28 16:17:32,437]-[log.py]-INFO:点击项目
[2017-11-28 16:17:33,504]-[log.py]-INFO:点击添加区块
[2017-11-28 16:17:35,797]-[log.py]-INFO:编辑外观
[2017-11-28 16:17:35,978]-[log.py]-INFO:编辑状态
[2017-11-28 16:17:36,240]-[log.py]-INFO:编辑数量
[2017-11-28 16:17:36,389]-[log.py]-INFO:编辑排序
[2017-11-28 16:17:36,594]-[log.py]-INFO:点击保存
